Dec 22 17:52 : update: added The Zolas/The Zolas - Fell in Love with New York.mp3
Dec 22 17:52 : update: added Iglu and Hartly/Iglu & Hartly - DayGlo.mp3
Dec 22 17:52 : update: added Robin Thicke/Robin Thicke Feat T.I. & Pharrell - Blurred Lines.mp3
Dec 22 17:52 : update: added Beth Moore/Beth Moore - Say That Again.mp3
Dec 22 17:52 : update: added Wheatus/Wheatus - Teenage Dirtbag.mp3
Dec 22 17:52 : update: added the best pessimist/the best pessimist - forgive me.mp3
Dec 22 17:52 : update: added The Rural Alberta Advantage/The Rural Alberta Advantage - Four Night Rider.mp3
Dec 22 17:52 : update: added Two Door Cinema Club/Two Door Cinema Club - What You Know.mp3
Dec 22 17:52 : update: added Seal/Seal - Kiss from a Rose.mp3
Dec 22 17:52 : update: added Corb Lund/Corb Lund - Run This Town.mp3
Dec 22 17:52 : update: added Corb Lund/Corb Lund - Horse Soldier! Horse Soldier! - 02 - Horse Soldier, Horse Soldier.mp3
Dec 22 17:52 : update: added Oh Pep/Oh Pep - The Race.mp3
Dec 22 17:52 : update: added Angus and Julia Stone/Angus And Julia Stone - Big Jet Plane.mp3
Dec 22 17:52 : update: added Hedley/Hedley - Heaven In Our Headlights.mp3
Dec 22 17:52 : update: added Elliot Maginot/Elliot Maginot - Monsters at War.mp3
Dec 22 17:52 : update: added Amelia Curran/Amelia Curran - Song On The Radio.mp3
Dec 22 17:52 : update: added Christina Martin/Christina Martin - Itll Be Alright.mp3
Dec 22 17:52 : update: added Sin Fang Bous/Sin Fang Bous - Advent In Ives Garden.mp3
Dec 22 17:52 : update: added The Lumineers/The Lumineers - Stubborn Love.mp3
Dec 22 17:52 : update: added The Lumineers/The Lumineers - Big Parade.mp3
Dec 22 17:52 : update: added The Lumineers/The Lumineers - Flowers In Your Hair.mp3
Dec 22 17:52 : update: added The Lumineers/The Lumineers - Flapper Girl.mp3
Dec 22 17:52 : update: added The Lumineers/The Lumineers - Ho Hey.mp3
Dec 22 17:52 : update: added The Lumineers/The Lumineers - Dead Sea.mp3
Dec 22 17:52 : update: added Emm Gryner/Emm Gryner - Ciao Monday.mp3
Dec 22 17:52 : update: added Mitski/Mitski - Francis Forever.mp3
Dec 22 17:52 : update: added Cool Calm Pete/Cool Calm Pete - Wishes and Luck.mp3
Dec 22 17:52 : update: added Genius Mess Poets/Genius Mess Poets - Lost In Translation.mp3
Dec 22 17:52 : update: added The Animals/The Animals - House of the Rising Sun.mp3
Dec 22 17:52 : update: added The Animals/The Animals - We Got To Get Out.mp3
Dec 22 17:52 : update: added Emiliana Torrini/Emiliana Torrini - Jungle Drum.mp3
Dec 22 17:52 : update: added Neil Diamond/Neil Diamond - Cracklin' Rosie.m4a
Dec 22 17:52 : update: added Bronze Radio Return/Bronze Radio Return - Shake, Shake, Shake.mp3
Dec 22 17:52 : update: added Rufus Wainwright/Rufus Wainwright - Me and Liza.mp3
Dec 22 17:52 : update: added Rufus Wainwright/Hallelujah.mp3
Dec 22 17:52 : update: added Reuben and the Dark/Reuben and the Dark - Bow And Arrow.mp3
Dec 22 17:52 : update: added Current Swell/Current Swell - Too Cold.mp3
Dec 22 17:52 : update: added Current Swell/Current Swell - Nail Em Up.mp3
Dec 22 17:52 : update: added Current Swell/Current Swell - Young And Able.mp3
Dec 22 17:52 : update: added The Virgins/The Virgins - Rich Girls.mp3
Dec 22 17:52 : update: added First Aid Kit/First Aid Kit - Fleeting One.mp3
Dec 22 17:52 : update: added First Aid Kit/First Aid Kit - My Silver Lining.mp3
Dec 22 17:52 : update: added First Aid Kit/First Aid Kit - Heaven Knows.mp3
Dec 22 17:52 : update: added First Aid Kit/First Aid Kit - Master Pretender.mp3
Dec 22 17:52 : update: added First Aid Kit/First Aid Kit - Stay Gold.mp3
Dec 22 17:52 : update: added First Aid Kit/First Aid Kit - The Bell.mp3
Dec 22 17:52 : update: added First Aid Kit/First Aid Kit - Waitress Song.mp3
Dec 22 17:52 : update: added First Aid Kit/First Aid Kit - Cedar Lane.mp3
Dec 22 17:52 : update: added First Aid Kit/First Aid Kit - Shattered & Hollow.mp3
Dec 22 17:52 : update: added First Aid Kit/First Aid Kit - A Long Time Ago.mp3
Dec 22 17:52 : update: added Calvin Harris/Calvin Harris - Outside (feat. Ellie Goulding).mp3
Dec 22 17:52 : update: added Thomas D'Arcy/Thomas D'Arcy - All Over Your Face.mp3
Dec 22 17:52 : update: added SoulEye/SoulEye - Popular potpourri.mp3
Dec 22 17:52 : update: added SoulEye/SoulEye - Positive force.mp3
Dec 22 17:52 : update: added Tame Impala/Tame Impala - Let It Happen.mp3
Dec 22 17:52 : ffmpeg/mov,mp4,m4a,3gp,3g2,mj2: stream 0, timescale not set
Dec 22 17:52 : ffmpeg/mjpeg: Changeing bps to 8
Dec 22 17:52 : update: added Cherlene/Cherlene - Swing Shift (from Archer).m4a
Dec 22 17:52 : ffmpeg/mov,mp4,m4a,3gp,3g2,mj2: stream 0, timescale not set
Dec 22 17:52 : ffmpeg/mjpeg: Changeing bps to 8
Dec 22 17:52 : update: added Cherlene/Cherlene - 40 Miles of Mountain Road (from Archer).m4a
Dec 22 17:52 : ffmpeg/mov,mp4,m4a,3gp,3g2,mj2: stream 0, timescale not set
Dec 22 17:52 : ffmpeg/mjpeg: Changeing bps to 8
Dec 22 17:52 : update: added Cherlene/Cherlene - Midnight Blues (from Archer).m4a
Dec 22 17:52 : ffmpeg/mov,mp4,m4a,3gp,3g2,mj2: stream 0, timescale not set
Dec 22 17:52 : ffmpeg/mjpeg: Changeing bps to 8
Dec 22 17:52 : update: added Cherlene/Cherlene - Eastbound & Down (from Archer).m4a
Dec 22 17:52 : ffmpeg/mov,mp4,m4a,3gp,3g2,mj2: stream 0, timescale not set
Dec 22 17:52 : ffmpeg/mjpeg: Changeing bps to 8
Dec 22 17:52 : update: added Cherlene/Cherlene; Kenny Loggins - Danger Zone feat. Kenny Loggins (from Archer).m4a
Dec 22 17:52 : ffmpeg/mov,mp4,m4a,3gp,3g2,mj2: stream 0, timescale not set
Dec 22 17:52 : ffmpeg/mjpeg: Changeing bps to 8
Dec 22 17:52 : update: added Cherlene/Cherlene - I'll Burn It Down (from Archer).m4a
Dec 22 17:52 : ffmpeg/mov,mp4,m4a,3gp,3g2,mj2: stream 0, timescale not set
Dec 22 17:52 : ffmpeg/mjpeg: Changeing bps to 8
Dec 22 17:52 : update: added Cherlene/Cherlene - Baby Please Don't Go (from Archer).m4a
Dec 22 17:52 : ffmpeg/mov,mp4,m4a,3gp,3g2,mj2: stream 0, timescale not set
Dec 22 17:52 : ffmpeg/mjpeg: Changeing bps to 8
Dec 22 17:52 : update: added Cherlene/Cherlene - Chattahoochee Coochie Man (from Archer).m4a
Dec 22 17:52 : update: added Westlife/Uptown Girl.mp3
Dec 22 17:52 : update: added Westlife/Westlife - Fly Me To The Moon.mp3
Dec 22 17:52 : update: added Ah Ha/Take on Me.mp3
Dec 22 17:52 : update: added Glen Hansard and Marketa Irglova/Glen Hansard and Marketa Irglova - Falling Slowly.mp3
Dec 22 17:52 : update: added Banners/Banners - Shine A Light.mp3
Dec 22 17:52 : update: added Twenty One Pilots/twenty one pilots - Stressed Out.mp3
Dec 22 17:52 : update: added Andy Kim/Andy Kim - Rock Me Gently.mp3
Dec 22 17:52 : update: added Noah and the Whale/Noah and the Whale - L.I.F.E.G.O.E.S.O.N..mp3
Dec 22 17:52 : update: added Noah and the Whale/Noah And The Whale - Two Atoms In A Molecule.mp3
Dec 22 17:52 : update: added The Beatles/Let It Be.mp3
Dec 22 17:52 : update: added The Beatles/The Beatles- Rocky Raccoon.m4a
Dec 22 17:52 : update: added The Beatles/Hey Jude.mp3
Dec 22 17:52 : update: added The Beatles/The Beatles - Lady Madonna.mp3
Dec 22 17:52 : update: added The Beatles/Lucy in the Sky with Diamonds.mp3
Dec 22 17:52 : update: added Rosco Bandana/Rosco Bandana - Woe Is Me.m4a
Dec 22 17:52 : update: added Bodhi Jones/Suitcase Packed_3903759836_Bandcamp.mp3
Dec 22 17:52 : update: added Elle King/Elle King - Exs & Ohs.mp3
Dec 22 17:52 : update: added Adele/Adele - Rolling In The Deep.mp3
Dec 22 17:52 : update: added Adele/Adele - Someone Like You.mp3
Dec 22 17:52 : update: added Celebrity Chimp/Celebrity Chimp - Pornstar.mp3
Dec 22 17:52 : update: added Robbie Williams/Robbie Williams - Mack The Knife.mp3
Dec 22 17:52 : update: added Two Hours Traffic/Two Hours Traffic - Amour Than Amis.mp3
Dec 22 17:52 : update: added Bastille/Bastille - Pompeii.mp3
Dec 22 17:52 : update: added Terra Lightfoot/Terra Lightfoot - No Hurry.mp3
Dec 22 17:52 : update: added Terra Lightfoot/Terra Lightfoot - Never Will.mp3
Dec 22 17:52 : update: added Grouplove/Grouplove - Ways To Go.mp3
Dec 22 17:52 : update: added Hey Rosetta!/Hey Rosetta! - Soft Offering (For the Oft Suffering).mp3
Dec 22 17:52 : update: added Hey Rosetta!/Hey Rosetta! - Red Heart.mp3
Dec 22 17:52 : ffmpeg/mov,mp4,m4a,3gp,3g2,mj2: stream 0, timescale not set
Dec 22 17:52 : ffmpeg/mjpeg: Changeing bps to 8
Dec 22 17:52 : update: added Hyim/Hyim - Hot (Live @ Digs).m4a
Dec 22 17:52 : update: added Miike Snow/Miike Snow - Animal.m4a
Dec 22 17:52 : update: added The Spinto Band/The Spinto Band - I Think We Are Alone Now.mp3
Dec 22 17:52 : update: added Ben Howard/Ben Howard - Keep Your Head Up.mp3
Dec 22 17:52 : update: added Das Pop/Das Pop - Underground.mp3
Dec 22 17:52 : update: added Another Bound/millstones - Desolate Planet.mp3
Dec 22 17:52 : update: added Another Bound/millstones - Trample Machine.mp3
Dec 22 17:52 : update: added The Sounds/The Sounds - Tony The Beat.mp3
Dec 22 17:52 : update: added Hey Ocean!/Hey Ocean! - Big Blue Wave.mp3
Dec 22 17:52 : update: added Hey Ocean!/Hey Ocean! - The Beat Boxer Who Broke My Heart.mp3
Dec 22 17:52 : update: added Hey Ocean!/Hey Ocean! - I Am a Heart.mp3
Dec 22 17:52 : update: added Hey Ocean!/Hey Ocean! - Turn Up the Stars.mp3
Dec 22 17:52 : update: added Hey Ocean!/Hey Ocean! - Be My Baby.mp3
Dec 22 17:52 : update: added Hey Ocean!/Hey Ocean! - Jolene.mp3
Dec 22 17:52 : update: added Hey Ocean!/Hey Ocean! - Eskimo Kisses.mp3
Dec 22 17:52 : update: added Hey Ocean!/Hey Ocean! - Alleyways.mp3
Dec 22 17:52 : update: added The Black Keys/[2011] El Camino/The Black Keys - Little Black Submarines.mp3
Dec 22 17:52 : update: added The Black Keys/The Black Keys - When The Lights Go Out.mp3
Dec 22 17:52 : update: added Black Moth Super Rainbow/Black Moth Super Rainbow - Psychic Love Damage.mp3
Dec 22 17:52 : update: added The Strumbellas/The Strumbellas - SPIRITS.mp3
Dec 22 17:52 : update: added The Strumbellas/The Strumbellas - End Of An Era.mp3
Dec 22 17:52 : update: added Imagine Dragons/Imagine Dragons - Working Man.mp3
Dec 22 17:52 : update: added Imagine Dragons/Imagine Dragons - It's Time.mp3
Dec 22 17:52 : update: added Imagine Dragons/Imagine Dragons - On Top of the World.mp3
Dec 22 17:52 : update: added Ellie Goulding/Ellie Goulding - Starry Eyed.mp3
Dec 22 17:52 : update: added Ellie Goulding/Ellie Goulding - Your Song.mp3
Dec 22 17:52 : update: added Lorde/Lorde - Tennis Court.mp3
Dec 22 17:52 : update: added Lorde/Lorde - Royals.mp3
Dec 22 17:52 : update: added Iron and Wine/Iron & Wine - Resurrection Fern.mp3
Dec 22 17:52 : update: added Whitehorse/Whitehorse - Baby Whats Wrong.mp3
Dec 22 17:52 : update: added Whitehorse/Whitehorse - Emerald Isle.mp3
Dec 22 17:52 : update: added Dudes, The/The Dudes - Honest Mistake.mp3
Dec 22 17:52 : update: added Townes Van Zandt/Townes Van Zandt - Our Mother The Mountain.ogg
Dec 22 17:52 : update: added Disney/Various Artists - When I See An Elephant Fly.mp3
Dec 22 17:52 : update: added Disney/Hakuna Matata.mp3
Dec 22 17:52 : update: added Disney/Colors of the Wind.mp3
Dec 22 17:52 : update: added Disney/Disney - The Lion King - Be Prepared.mp3
Dec 22 17:52 : update: added Disney/The bare Necessities.mp3
Dec 22 17:52 : update: added Disney/Can You Feel the Love Tonight.mp3
Dec 22 17:52 : update: added Disney/In The Jungle.mp3
Dec 22 17:52 : update: added Disney/I Just Can't Wait To Be King.mp3
Dec 22 17:52 : update: added Disney/Various Artists - With A Friend (The Pooh Song).mp3
Dec 22 17:52 : update: added Disney/Lion King - Circle of Life.m4a
Dec 22 17:52 : update: added The Silver Seas/The Silver Seas - Imaginary Girl.mp3
Dec 22 17:52 : update: added The Police/Sting & The Police - Roxanne.mp3
Dec 22 17:52 : update: added The Police/Sting & the police - Every Breath You Take - Every little thing she does is magic.mp3
Dec 22 17:52 : update: added No Doubt/No Doubt - Don't Speak.mp3
Dec 22 17:52 : update: added Tobias Jesso Jr./Tobias Jesso Jr. - Without You.mp3
Dec 22 17:52 : update: added Tobias Jesso Jr./Tobias Jesso Jr. - How Could You Babe.mp3
Dec 22 17:52 : update: added Christopher Tin/Christopher Tin - Baba Yetu (feat. Soweto Gospel Choir).mp3
Dec 22 17:52 : update: added The Crookes/The Crookes - Backstreet Lovers.mp3
Dec 22 17:52 : update: added Fountains of Wayne/Fountains Of Wayne - Stacy's Mom.mp3
Dec 22 17:52 : update: added Moon King/Moon King - Roswell.mp3
Dec 22 17:52 : update: added Sam and Max/Sam and Max - Pleasently Understated Credit Sequence.mp3
Dec 22 17:52 : update: added Loverboy/Loverboy - Working For The Weekend.mp3
Dec 22 17:52 : update: added Karen O/Some Kind of Awesome - Karen O.mp3
Dec 22 17:52 : update: added Unknown Mortal Orchestra/Unknown Mortal Orchestra - So Good At Being In Trouble.mp3
Dec 22 17:52 : update: added REM/R.E.M. - Bad Day.mp3
Dec 22 17:52 : update: added Oh Wonder/Oh Wonder - Lose It.mp3
Dec 22 17:52 : update: added White Lies/White Lies - Death.mp3
Dec 22 17:52 : update: added City and Colour/City and Colour - Lover Come Back.mp3
Dec 22 17:52 : update: added City and Colour/City and Colour - Wasted Love.mp3
Dec 22 17:52 : update: added Dan Mangan/Dan Mangan - Road Regrets.mp3
Dec 22 17:52 : update: added Dan Mangan/Dan Mangan - Sold.mp3
Dec 22 17:52 : update: added Green Day/Green Day -03- Holiday.mp3
Dec 22 17:52 : update: added Passenger/Passenger - Let Her Go.mp3
Dec 22 17:52 : update: added Tokyo Police Club/TPC •  Forcefield @ 320/Tokyo Police Club - Tunnel Vision.mp3
Dec 22 17:52 : update: added Tokyo Police Club/TPC •  Forcefield @ 320/Tokyo Police Club - Hot Tonight.mp3
Dec 22 17:52 : update: added John Lennon/John Lennon - Imagine.mp3
Dec 22 17:52 : update: added Said the Whale/Said the Whale - Mother.mp3
Dec 22 17:52 : update: added Said the Whale/Said The Whale - Camilo (The Magician).mp3
Dec 22 17:52 : update: added Sarah Slean/Sarah Slean - Amen.mp3
Dec 22 17:52 : update: added Katy Perry/Katy Perry - Firework.mp3
Dec 22 17:52 : update: added Katy Perry/Katy Perry - California Gurls (feat. Snoop Dogg).mp3
Dec 22 17:52 : update: added Ben Taylor/Ben Taylor -im not drunk (feat. ricky montgomery).mp3
Dec 22 17:52 : update: added Jimmy Eat World/Jimmy Eat World - The Middle.mp3
Dec 22 17:52 : update: added The Cars/The Cars - Tonight She Comes.mp3
Dec 22 17:52 : update: added The Cars/The Cars - Just What I Needed.mp3
Dec 22 17:52 : update: added Sufjan Stevens/Sufjan Stevens - Chicago.mp3
Dec 22 17:52 : update: added Sufjan Stevens/Sufjan Stevens - Casimir Pulaski Day.mp3
Dec 22 17:52 : update: added Sufjan Stevens/Sufjan Stevens - Come On!  Feel The Illinoise!.mp3
Dec 22 17:52 : update: added Sufjan Stevens/Sufjan Stevens - Jacksonville.mp3
Dec 22 17:52 : update: added Sufjan Stevens/16-They Are Night Zombies!! They Are Neighbors!! They Have Come Back from the Dead!! Ahhhh!.mp3
Dec 22 17:52 : update: added Sufjan Stevens/Sufjan Stevens - John Wayne Gacy, Jr..mp3
Dec 22 17:52 : update: added Song Of The Sea/Song Of The Sea - La Chanson De La Mer.mp3
Dec 22 17:52 : update: added Damon Smith/Damon Smith - The Sun And The Moon.mp3
Dec 22 17:52 : update: added Fortunate Ones/Fortunate Ones - Lay Me Down.mp3
Dec 22 17:52 : update: added Johnny Western/Johnny Western -Ninenteen Men.m4a
Dec 22 17:52 : update: added Marty Robbins/Marty Robbins - Big Iron.m4a
Dec 22 17:52 : update: added Gabrielle Papillon/Gabrielle Papillon - With Our Trouble.mp3
Dec 22 17:52 : update: added Gabrielle Aplin/Gabrielle Aplin - Light Up The Dark.mp3
Dec 22 17:52 : update: added Culture Club/Culture Club - Karma Chameleon.mp3
Dec 22 17:52 : update: added The Very Best/The Very Best - Dinosaur On The Ark.mp3
Dec 22 17:52 : update: added Bright Eyes/Bright Eyes - Middleman - 08 (Lyrics in the Description).m4a
Dec 22 17:52 : update: added Bright Eyes/Bright Eyes - I Must Belong Somewhere.mp3
Dec 22 17:52 : update: added Trampled By Turtles/Trampled By Turtles - Don't Look Down.mp3
Dec 22 17:52 : update: added Trampled By Turtles/Trampled By Turtles - Walt Whitman.mp3
Dec 22 17:52 : update: added Trampled By Turtles/Trampled By Turtles - Midnight on the Interstate.mp3
Dec 22 17:52 : update: added Trampled By Turtles/Trampled By Turtles - Wait So Long.mp3
Dec 22 17:52 : update: added albums/Alt-J - Relaxer/07 Last Year.mp3
Dec 22 17:52 : update: added albums/Alt-J - Relaxer/01 3WW.mp3
Dec 22 17:52 : update: added albums/Alt-J - Relaxer/03 House of the Rising Sun.mp3
Dec 22 17:52 : update: added albums/Alt-J - Relaxer/06 Adeline.mp3
Dec 22 17:52 : update: added albums/Alt-J - Relaxer/04 Hit Me Like That Snare.mp3
Dec 22 17:52 : update: added albums/Alt-J - Relaxer/05 Deadcrush.mp3
Dec 22 17:52 : update: added albums/Alt-J - Relaxer/02 In Cold Blood.mp3
Dec 22 17:52 : update: added albums/Alt-J - Relaxer/08 Pleader.mp3
Dec 22 17:52 : update: added albums/Unknown Mortal Orchestra/07 Monki.MP3
Dec 22 17:52 : update: added albums/Unknown Mortal Orchestra/09 Faded in the morning.MP3
Dec 22 17:52 : update: added albums/Unknown Mortal Orchestra/05 The opposite of afternoon.MP3
Dec 22 17:52 : update: added albums/Unknown Mortal Orchestra/02 Swim and sleep (Like a shark).MP3
Dec 22 17:52 : update: added albums/Unknown Mortal Orchestra/08 Dawn.MP3
Dec 22 17:52 : update: added albums/Unknown Mortal Orchestra/06 No need for a leader.MP3
Dec 22 17:52 : update: added albums/Unknown Mortal Orchestra/04 One at a time.MP3
Dec 22 17:52 : update: added albums/Unknown Mortal Orchestra/01 From the sun.MP3
Dec 22 17:52 : update: added albums/Unknown Mortal Orchestra/03 So good at being in trouble.MP3
Dec 22 17:52 : update: added albums/Unknown Mortal Orchestra/10 Secret xtians.MP3
Dec 22 17:52 : update: added albums/Tame Impala - Currents/320/01. Let It Happen.mp3
Dec 22 17:52 : update: added albums/Tame Impala - Currents/320/10. ‘Cause I’m A Man.mp3
Dec 22 17:52 : update: added albums/Tame Impala - Currents/320/06. Gossip.mp3
Dec 22 17:52 : update: added albums/Tame Impala - Currents/320/12. Love Paranoia.mp3
Dec 22 17:52 : update: added albums/Tame Impala - Currents/320/07. The Less I Know The Better.mp3
Dec 22 17:52 : update: added albums/Tame Impala - Currents/320/08. Past Life.mp3
Dec 22 17:52 : update: added albums/Tame Impala - Currents/320/03. The Moment.mp3
Dec 22 17:52 : update: added albums/Tame Impala - Currents/320/05. Eventually.mp3
Dec 22 17:52 : update: added albums/Tame Impala - Currents/320/11. Reality In Motion.mp3
Dec 22 17:52 : update: added albums/Tame Impala - Currents/320/02. Nangs.mp3
Dec 22 17:52 : update: added albums/Tame Impala - Currents/320/13. New Person, Same Old Mistakes.mp3
Dec 22 17:52 : update: added albums/Tame Impala - Currents/320/09. Disciples.mp3
Dec 22 17:52 : update: added albums/Tame Impala - Currents/320/04. Yes I’m Changing.mp3
Dec 22 17:52 : update: added albums/Streetlight Manifesto - The Hands That Thieve/02 Ungrateful.mp3
Dec 22 17:52 : update: added albums/Streetlight Manifesto - The Hands That Thieve/01 The Three Of Us.mp3
Dec 22 17:52 : update: added albums/Streetlight Manifesto - The Hands That Thieve/10 Your Day Will Come.mp3
Dec 22 17:52 : update: added albums/Streetlight Manifesto - The Hands That Thieve/03 The Littlest Things.mp3
Dec 22 17:52 : update: added albums/Streetlight Manifesto - The Hands That Thieve/07 They Broke Him Down.mp3
Dec 22 17:52 : update: added albums/Streetlight Manifesto - The Hands That Thieve/05 With Any Sort Of Certainty.mp3
Dec 22 17:52 : update: added albums/Streetlight Manifesto - The Hands That Thieve/06 If Only For Memories.mp3
Dec 22 17:52 : update: added albums/Streetlight Manifesto - The Hands That Thieve/08 Toe To Toe.mp3
Dec 22 17:52 : update: added albums/Streetlight Manifesto - The Hands That Thieve/09 Oh Me, Oh My.mp3
Dec 22 17:52 : update: added albums/Streetlight Manifesto - The Hands That Thieve/04 The Hands That Thieve.mp3
Dec 22 17:52 : update: added albums/Toh Kay - The Hand That Thieves/07 Toh Kay - They Broke Him Down.mp3
Dec 22 17:52 : update: added albums/Toh Kay - The Hand That Thieves/09 Toh Kay - Oh Me, Oh My.mp3
Dec 22 17:52 : update: added albums/Toh Kay - The Hand That Thieves/04 Toh Kay - The Hands That Thieve.mp3
Dec 22 17:52 : update: added albums/Toh Kay - The Hand That Thieves/06 Toh Kay - If Only For Memories.mp3
Dec 22 17:52 : update: added albums/Toh Kay - The Hand That Thieves/05 Toh Kay - With Any Sort Of Certainty.mp3
Dec 22 17:52 : update: added albums/Toh Kay - The Hand That Thieves/01 Toh Kay - The Three Of Us.mp3
Dec 22 17:52 : update: added albums/Toh Kay - The Hand That Thieves/10 Toh Kay - Your Day Will Come.mp3
Dec 22 17:52 : update: added albums/Toh Kay - The Hand That Thieves/08 Toh Kay - Toe To Toe.mp3
Dec 22 17:52 : update: added albums/Toh Kay - The Hand That Thieves/02 Toh Kay - Ungrateful.mp3
Dec 22 17:52 : update: added albums/Toh Kay - The Hand That Thieves/03 Toh Kay - The Littlest Things.mp3
Dec 22 17:52 : update: added albums/Basia Bulat - Good Advice/02 Long Goodbye.mp3
Dec 22 17:52 : update: added albums/Basia Bulat - Good Advice/07 Infamous.mp3
Dec 22 17:52 : update: added albums/Basia Bulat - Good Advice/01 La La Lie.mp3
Dec 22 17:52 : update: added albums/Basia Bulat - Good Advice/10 Someday Soon.mp3
Dec 22 17:52 : update: added albums/Basia Bulat - Good Advice/08 Fool.mp3
Dec 22 17:52 : update: added albums/Basia Bulat - Good Advice/09 The Garden.mp3
Dec 22 17:52 : update: added albums/Basia Bulat - Good Advice/04 In The Name Of.mp3
Dec 22 17:52 : update: added albums/Basia Bulat - Good Advice/05 Time.mp3
Dec 22 17:52 : update: added albums/Basia Bulat - Good Advice/06 Good Advice.mp3
Dec 22 17:52 : update: added albums/Basia Bulat - Good Advice/03 Let Me In.mp3
Dec 22 17:52 : update: added albums/La Femme - Psycho Tropical Berlin/14 Welcome America.mp3
Dec 22 17:52 : update: added albums/La Femme - Psycho Tropical Berlin/09 Packshot.mp3
Dec 22 17:52 : update: added albums/La Femme - Psycho Tropical Berlin/01 Antitaxi.mp3
Dec 22 17:52 : update: added albums/La Femme - Psycho Tropical Berlin/06 Sur La Planche 2013.mp3
Dec 22 17:52 : update: added albums/La Femme - Psycho Tropical Berlin/12 Si Un Jour.mp3
Dec 22 17:52 : update: added albums/La Femme - Psycho Tropical Berlin/08 Nous Étions Deux.mp3
Dec 22 17:52 : update: added albums/La Femme - Psycho Tropical Berlin/05 Hypsoline.mp3
Dec 22 17:52 : update: added albums/La Femme - Psycho Tropical Berlin/13 La Femme Ressort.mp3
Dec 22 17:52 : update: added albums/La Femme - Psycho Tropical Berlin/03 La Femme.mp3
Dec 22 17:52 : update: added albums/La Femme - Psycho Tropical Berlin/04 Interlude.mp3
Dec 22 17:52 : update: added albums/La Femme - Psycho Tropical Berlin/10 Saisis La Corde.mp3
Dec 22 17:52 : update: added albums/La Femme - Psycho Tropical Berlin/07 It's Time To Wake Up 2023.mp3
Dec 22 17:52 : update: added albums/La Femme - Psycho Tropical Berlin/02 Amour Dans Le Motu.mp3
Dec 22 17:52 : update: added albums/La Femme - Psycho Tropical Berlin/11 Le Blues De Françoise.mp3
Dec 22 17:52 : update: added albums/Marina and the Diamonds - Electra Heart/05 Starring Role.mp3
Dec 22 17:52 : update: added albums/Marina and the Diamonds - Electra Heart/16 Lonely Hearts Club.mp3
Dec 22 17:52 : update: added albums/Marina and the Diamonds - Electra Heart/15 Living Dead.mp3
Dec 22 17:52 : update: added albums/Marina and the Diamonds - Electra Heart/09 Teen Idle.mp3
Dec 22 17:52 : update: added albums/Marina and the Diamonds - Electra Heart/02 Primadonna.mp3
Dec 22 17:52 : update: added albums/Marina and the Diamonds - Electra Heart/14 Fear and Loathing.mp3
Dec 22 17:52 : update: added albums/Marina and the Diamonds - Electra Heart/17 Buy the Stars.mp3
Dec 22 17:52 : update: added albums/Marina and the Diamonds - Electra Heart/01 Bubblegum Bitch.mp3
Dec 22 17:52 : update: added albums/Marina and the Diamonds - Electra Heart/03 Lies.mp3
Dec 22 17:52 : update: added albums/Marina and the Diamonds - Electra Heart/10 Valley of the Dolls.mp3
Dec 22 17:52 : update: added albums/Marina and the Diamonds - Electra Heart/07 Power & Control.mp3
Dec 22 17:52 : update: added albums/Marina and the Diamonds - Electra Heart/06 The State of Dreaming.mp3
Dec 22 17:52 : update: added albums/Marina and the Diamonds - Electra Heart/12 How To Be A Heartbreaker.mp3
Dec 22 17:52 : update: added albums/Marina and the Diamonds - Electra Heart/04 Homewrecker.mp3
Dec 22 17:52 : update: added albums/Marina and the Diamonds - Electra Heart/08 Sex Yeah.mp3
Dec 22 17:52 : update: added albums/Marina and the Diamonds - Electra Heart/13 Radioactive.mp3
Dec 22 17:52 : update: added albums/Marina and the Diamonds - Electra Heart/11 Hypocrates.mp3
Dec 22 17:52 : update: added albums/Milky Chance - Sadnecessary/01. Milky Chance - Stunner.mp3
Dec 22 17:52 : update: added albums/Milky Chance - Sadnecessary/12. Milky Chance - Loveland [studio version].mp3
Dec 22 17:52 : update: added albums/Milky Chance - Sadnecessary/02. Milky Chance - Flashed Junk Mind.mp3
Dec 22 17:52 : update: added albums/Milky Chance - Sadnecessary/13. Milky Chance - Feathery.mp3
Dec 22 17:52 : update: added albums/Milky Chance - Sadnecessary/03. Milky Chance - Becoming.mp3
Dec 22 17:52 : update: added albums/Milky Chance - Sadnecessary/06. Milky Chance - Indigo.mp3
Dec 22 17:52 : update: added albums/Milky Chance - Sadnecessary/10. Milky Chance - Fairytale.mp3
Dec 22 17:52 : update: added albums/Milky Chance - Sadnecessary/04. Milky Chance - Running.mp3
Dec 22 17:52 : update: added albums/Milky Chance - Sadnecessary/09. Milky Chance - Sweet sun.mp3
Dec 22 17:52 : update: added albums/Milky Chance - Sadnecessary/07. Milky Chance - Sadnecessary.mp3
Dec 22 17:52 : update: added albums/Milky Chance - Sadnecessary/08. Milky Chance - Down by the river.mp3
Dec 22 17:52 : update: added albums/Milky Chance - Sadnecessary/05. Milky Chance - Feathery (Slow Version).mp3
Dec 22 17:52 : update: added albums/Milky Chance - Sadnecessary/11. Milky Chance - Stolen dance.mp3
Dec 22 17:52 : update: added albums/Milky Chance - Sadnecessary/14. Milky Chance - Loveland.mp3
Dec 22 17:52 : update: added albums/Alvvays - Alvvays/07 Dives.mp3
Dec 22 17:52 : update: added albums/Alvvays - Alvvays/03 Ones Who Love You.mp3
Dec 22 17:52 : update: added albums/Alvvays - Alvvays/06 The Agency Group.mp3
Dec 22 17:52 : update: added albums/Alvvays - Alvvays/09 Red Planet.mp3
Dec 22 17:52 : update: added albums/Alvvays - Alvvays/02 Archie, Marry Me.mp3
Dec 22 17:52 : update: added albums/Alvvays - Alvvays/01 Adult Diversion.mp3
Dec 22 17:52 : update: added albums/Alvvays - Alvvays/05 Party Police.mp3
Dec 22 17:52 : update: added albums/Alvvays - Alvvays/08 Atop a Cake.mp3
Dec 22 17:52 : update: added albums/Alvvays - Alvvays/04 Next of Kin.mp3
Dec 22 17:52 : update: added albums/Carly Rae Jepsen - EMOTION/E•MO•TION/11 Warm Blood.mp3
Dec 22 17:52 : update: added albums/Carly Rae Jepsen - EMOTION/E•MO•TION/16 Never Get to Hold You.mp3
Dec 22 17:52 : update: added albums/Carly Rae Jepsen - EMOTION/E•MO•TION/05 All That.mp3
Dec 22 17:52 : update: added albums/Carly Rae Jepsen - EMOTION/E•MO•TION/07 Making The Most Of The Night.mp3
Dec 22 17:52 : update: added albums/Carly Rae Jepsen - EMOTION/E•MO•TION/10 LA Hallucinations.mp3
Dec 22 17:52 : update: added albums/Carly Rae Jepsen - EMOTION/E•MO•TION/01 Run Away With Me.mp3
Dec 22 17:52 : update: added albums/Carly Rae Jepsen - EMOTION/E•MO•TION/14 I Didn't Just Come Here To Dance.mp3
Dec 22 17:52 : update: added albums/Carly Rae Jepsen - EMOTION/E•MO•TION/02 Emotion.mp3
Dec 22 17:52 : update: added albums/Carly Rae Jepsen - EMOTION/E•MO•TION/12 When I Needed You.mp3
Dec 22 17:52 : update: added albums/Carly Rae Jepsen - EMOTION/E•MO•TION/04 Gimmie Love.mp3
Dec 22 17:52 : update: added albums/Carly Rae Jepsen - EMOTION/E•MO•TION/09 Let's Get Lost.mp3
Dec 22 17:52 : update: added albums/Carly Rae Jepsen - EMOTION/E•MO•TION/15 Favourite Colour.mp3
Dec 22 17:52 : update: added albums/Carly Rae Jepsen - EMOTION/E•MO•TION/06 Boy Problems.mp3
Dec 22 17:52 : update: added albums/Carly Rae Jepsen - EMOTION/E•MO•TION/17 Love Again.mp3
Dec 22 17:52 : update: added albums/Carly Rae Jepsen - EMOTION/E•MO•TION/13 Black Heart.mp3
Dec 22 17:52 : update: added albums/Carly Rae Jepsen - EMOTION/E•MO•TION/18 I Really Like You (Liam Keegan Re.mp3
Dec 22 17:52 : update: added albums/Carly Rae Jepsen - EMOTION/E•MO•TION/08 Your Type.mp3
Dec 22 17:52 : update: added albums/Carly Rae Jepsen - EMOTION/E•MO•TION/03 I Really Like You.mp3
Dec 22 17:52 : update: added albums/Toh Kay - Streetlight Lullabies/05-toh_kay-dear_sergio.mp3
Dec 22 17:52 : update: added albums/Toh Kay - Streetlight Lullabies/09-toh_kay-the_big_sleep.mp3
Dec 22 17:52 : update: added albums/Toh Kay - Streetlight Lullabies/08-toh_kay-a_moment_of_silence.mp3
Dec 22 17:52 : update: added albums/Toh Kay - Streetlight Lullabies/10-toh_kay-a_better_place_a_better_time.mp3
Dec 22 17:52 : update: added albums/Toh Kay - Streetlight Lullabies/04-toh_kay-we_will_fall_together.mp3
Dec 22 17:52 : update: added albums/Toh Kay - Streetlight Lullabies/02-toh_kay-somewhere_in_the_between.mp3
Dec 22 17:52 : update: added albums/Toh Kay - Streetlight Lullabies/03-toh_kay-forty_days.mp3
Dec 22 17:52 : update: added albums/Toh Kay - Streetlight Lullabies/06-toh_kay-would_you_be_impressed.mp3
Dec 22 17:52 : update: added albums/Toh Kay - Streetlight Lullabies/07-toh_kay-sick_and_sad.mp3
Dec 22 17:52 : update: added albums/Toh Kay - Streetlight Lullabies/01-toh_kay-watch_it_crash.mp3
Dec 22 17:52 : update: added albums/The East Pointers/Woodfordia.mp3
Dec 22 17:52 : update: added albums/The East Pointers/Cold.mp3
Dec 22 17:52 : update: added albums/The East Pointers/The Drift.mp3
Dec 22 17:52 : update: added albums/The East Pointers/Last Blank Page.mp3
Dec 22 17:52 : update: added albums/The East Pointers/Secret Victory.mp3
Dec 22 17:52 : update: added albums/The East Pointers/Work That Way.mp3
Dec 22 17:52 : update: added albums/The East Pointers/Places You'll Go.mp3
Dec 22 17:52 : update: added albums/The East Pointers/Meals By Maurice.mp3
Dec 22 17:52 : update: added albums/The East Pointers/The Stubborn Mule.mp3
Dec 22 17:52 : update: added Daniel Lanois/Daniel Lanois - Fire.mp3
Dec 22 17:52 : update: added Steve Miller Band/Steve Miller Band - Jungle Love.mp3
Dec 22 17:52 : update: added Steve Miller Band/The Joker.mp3
Dec 22 17:52 : update: added The Cinematic Orchestra/The Cinematic Orchestra - To Build A Home (Album Version).mp3
Dec 22 17:52 : update: added Anya Marina/Anya Marina - Move You (SSSPII).mp3
Dec 22 17:52 : update: added Donald Fagen/Donald Fagen - The Nightfly.mp3
Dec 22 17:52 : update: added Harry Chapin/Harry Chapin - Cats In The Cradle.mp3
Dec 22 17:52 : update: added Sam Roberts Band/Sam Roberts Band - Shapeshifters (Youth Banda Remix).mp3
Dec 22 17:52 : update: added The BPA/The BPA - He's Frank (Slight Retrun) feat. Iggy Pop.mp3
Dec 22 17:52 : update: added Patti Smith/Patti Smith Group - Because the night 1978.mp3
Dec 22 17:52 : update: added Billie Rogers/Billie Rogers - Pretty Little Thing.mp3
Dec 22 17:52 : update: added Taylor Swift/Taylor Swift - Love Story.mp3
Dec 22 17:52 : update: added Taylor Swift/Taylor Swift - Shake It Off.mp3
Dec 22 17:52 : update: added Taylor Swift/Taylor Swift - You Belong With Me.mp3
Dec 22 17:52 : update: added Me First and the Gimme Gimmes/Me First and the Gimme Gimmes - Different Drum.mp3
Dec 22 17:52 : update: added Ska-P/Ska-P - A La Mierda.mp3
Dec 22 17:52 : update: added Tracy Chapman/Tracy Chapman - Fast Cars.mp3
Dec 22 17:52 : update: added Wild Nothing/Wild Nothing - Paradise.mp3
Dec 22 17:52 : update: added Royal Wood/Royal Wood - The Fire Did Go.mp3
Dec 22 17:52 : update: added Royal Wood/Royal Wood - Do You Recall.mp3
Dec 22 17:52 : update: added Tunng/Tunng - Bullets.mp3
Dec 22 17:52 : update: added Vampire Weekend/Vampire Weekend - Unbelievers.mp3
Dec 22 17:52 : update: added Vampire Weekend/Vampire Weekend - Ottoman.mp3
Dec 22 17:52 : update: added White Lion/White Lion  - Radar Love.mp3
Dec 22 17:52 : update: added sonic4ever/Sonic4ever - It Doesn't Matter.mp3
Dec 22 17:52 : update: added sonic4ever/Sonic4ever - Unknown from M.E..mp3
Dec 22 17:52 : update: added sonic4ever/Sonic4ever - Pumpkin Hill.mp3
Dec 22 17:52 : update: added sonic4ever/Sonic4ever - Super Sonic Racing.mp3
Dec 22 17:52 : update: added sonic4ever/Sonic4ever - City Escape.mp3
Dec 22 17:52 : update: added sonic4ever/Sonic4ever - City Escapade.mp3
Dec 22 17:52 : update: added sonic4ever/Sonic4ever - Live and Learn.mp3
Dec 22 17:52 : update: added The Flashbulb/The Flashbulb - Undiscovered Colors.mp3
Dec 22 17:52 : update: added The Flashbulb/The Flashbulb - Autumn Insomnia Session.m4a
Dec 22 17:52 : update: added The Flashbulb/Terra Firma (Album Version)_2233992365_Bandcamp.mp3
Dec 22 17:52 : update: added The Flashbulb/The Flashbulb - Meadow Crush.mp3
Dec 22 17:52 : update: added The Flashbulb/Benn Jordan - The Trail.mp3
Dec 22 17:52 : update: added The Flashbulb/The Flashbulb - The Great Pumpkin Tapes.mp3
Dec 22 17:52 : update: added The Flashbulb/The Flashbulb - Miles and Miles.m4a
Dec 22 17:52 : update: added The Flashbulb/The Flashbulb - Tomorrow Untrodden.mp3
Dec 22 17:52 : update: added The Flashbulb/The Flashbulb - Burning The Black And White.mp3
Dec 22 17:52 : update: added The Flashbulb/The Flashbulb - Lines Between Us.mp3
Dec 22 17:52 : update: added The Flashbulb/The Flashbulb - Mellann.m4a
Dec 22 17:52 : update: added The Flashbulb/The Flashbulb - What I Imagine You To Be Like.mp3
Dec 22 17:52 : update: added The Flashbulb/The Flashbulb - ᏭᏕᎵᎬ Highways.m4a
Dec 22 17:52 : update: added The Flashbulb/The Flashbulb - An Imperfect Song At A Gig That Never Existed.mp3
Dec 22 17:52 : update: added The Flashbulb/The Flashbulb -I Can Feel It Humming.mp3
Dec 22 17:52 : update: added The Flashbulb/The Flashbulb - A Million Dotted Lines.mp3
Dec 22 17:52 : update: added The Flashbulb/The Flashbulb - Autumn Leaves And A Bath Tub.mp3
Dec 22 17:52 : update: added The Flashbulb/The Flashbulb - Shortcuts.m4a
Dec 22 17:52 : update: added The Flashbulb/The Flashbulb - Hospital Ride.mp3
Dec 22 17:52 : update: added Eagles/Eagles - 03 - Peaceful Easy Feeling.mp3
Dec 22 17:52 : update: added Eagles/Eagles - 17 - Hotel California.mp3
Dec 22 17:52 : update: added Eagles/Eagles - Outlaw Man (Judgement Day, Wild West Style).m4a
Dec 22 17:52 : update: added Eagles/Eagles - 01 - Take It Easy.mp3
Dec 22 17:52 : update: added Jake Bugg/Jake Bugg - Two Fingers.mp3
Dec 22 17:52 : update: added Jake Bugg/Jake Bugg - Lightning Bolt.mp3
Dec 22 17:52 : update: added Jake Bugg/Jake Bugg - Simple As This.mp3
Dec 22 17:52 : update: added Cowboy Bebop OST/Cowboy Bebop - Tank!.mp3
Dec 22 17:52 : update: added Cowboy Bebop OST/Cowboy Bebop - Too Good Too Bad.mp3
Dec 22 17:52 : update: added Cowboy Bebop OST/Cowboy Bebop - Gotta Knock A Little Harder.mp3
Dec 22 17:52 : update: added Ghost and Gale/Take Me To The Fire.mp3
Dec 22 17:52 : update: added Arctic Monkeys/Arctic Monkeys - Come Together.mp3
Dec 22 17:52 : update: added Mother Mother/Mother Mother - Ghosting.mp3
Dec 22 17:52 : update: added Over the Garden Wall/Over the Garden Wall - Theme Song.mp3
Dec 22 17:52 : update: added Over the Garden Wall/Over the Garden Wall -  Jack Jones.mp3
Dec 22 17:52 : update: added Over the Garden Wall/Over the Garden Wall - Chris Issak.mp3
Dec 22 17:52 : update: added The Cure/Close To Me - the cure.mp3
Dec 22 17:52 : update: added Reel Big Fish/Reel Big Fish - Don't Start A Band.mp3
Dec 22 17:52 : update: added Reel Big Fish/Reel Big Fish - Hungry Like The Wolf.mp3
Dec 22 17:52 : update: added Zelda OOT/Nintendo - Gerudo Valley.mp3
Dec 22 17:52 : update: added Wham/WHAM - WAKE ME UP BEFORE YOU GO-GO.mp3
Dec 22 17:52 : update: added Gladys Knight/Gladys Knight & The Pips - Midnight Train.mp3
Dec 22 17:52 : update: added Noel Gallagher/Noel Gallagher - The Butterfly Collector.mp3
Dec 22 17:52 : update: added Jonathan Coulton/Jonathan Coulton - I Feel Fantastic.mp3
Dec 22 17:52 : update: added Jonathan Coulton/Jonathan Coulton - Want You Gone (Live in Toronto).mp3
Dec 22 17:52 : update: added Jonathan Coulton/Jonathan Coulton - Code Monkey.mp3
Dec 22 17:52 : update: added Jonathan Coulton/Jonathan Coulton - Still Alive (Live In Toronto).mp3
Dec 22 17:52 : update: added Sam Smith/Sam Smith - Stay With Me.mp3
Dec 22 17:52 : update: added The Jackson Roses/The Jackson Roses -  Ramble On.mp3
Dec 22 17:52 : update: added 00 New/Cigarettes After Sex - Affection.mp3
Dec 22 17:52 : update: added 00 New/Mr. Twin Sister - Meet the Frownies .mp3
Dec 22 17:52 : update: added Royal Canoe/Royal Canoe - Exodus Of The Year.mp3
Dec 22 17:52 : update: added Leon Bridges/Leon Bridges - Smooth Sailin.mp3
Dec 22 17:52 : update: added Lana Del Ray/Lana Del Rey - Radio.flac
Dec 22 17:52 : update: added Men Without Hats/Men with CharmMen Without Hats - The Safety Dance.mp3
Dec 22 17:52 : update: added La's/There She Goes.mp3
Dec 22 17:52 : update: added Alan Doyle/Alan Doyle - So Lets Go.mp3
Dec 22 17:52 : update: added True Detective/True Detective - Intro - Opening Song - Theme (The Handsome Family - Far From Any Road)   LYRICS.m4a
Dec 22 17:52 : update: added Lee DeWyze/The Walking Dead Blackbird's Song By Lee DeWyze.m4a
Dec 22 17:52 : update: added Blue Oyster Cult/Blue Oyster Cult - Burnin' For You.mp3
Dec 22 17:52 : update: added Blue Oyster Cult/Blue Oyster Cult - (Don't Fear) The Reaper.mp3
Dec 22 17:52 : update: added BOY/Boy - Little Numbers.mp3
Dec 22 17:52 : update: added BOY/BOY - We Were Here.mp3
Dec 22 17:52 : update: added Meatloaf/I Would Do Anything for Love.mp3
Dec 22 17:52 : update: added Passion Pit/Passion Pit - Take A Walk.mp3
Dec 22 17:52 : update: added Good Lovelies/Good Lovelies - Waiting For You.mp3
Dec 22 17:52 : update: added Temptations/The Temptations - My Girl.m4a
Dec 22 17:52 : update: added Razorlight/Razorlight - Hostage Of Love.mp3
Dec 22 17:52 : update: added George Ezra/George_Ezra_-_02_-_Budapest.mp3
Dec 22 17:52 : update: added George Ezra/George_Ezra_-_01_-_Blame_It_on_Me.mp3
Dec 22 17:52 : update: added M83/M83 - Midnight City.mp3
Dec 22 17:52 : update: added M83/M83 - Wait.mp3
Dec 22 17:52 : update: added AstroLogical/AstroLogical - 09 The Dream Machine.mp3
Dec 22 17:52 : update: added Cat Stevens/Cat Stevens - The First Cut Is The Deepest.mp3
Dec 22 17:52 : update: added FFVI/Shadow's Theme - Final Fantasy 6.m4a
Dec 22 17:52 : update: added Good Oak/Good Oak - The Bear Song.mp3
Dec 22 17:52 : update: added Neil Hannon/Neil Hannon - Les Jours Tristes.mp3
Dec 22 17:52 : update: added In The Valley Below/In The Valley Below - Peaches.mp3
Dec 22 17:52 : update: added Alela Diane/Alela Diane - White As Diamonds (Daytrotter Session).mp3
Dec 22 17:52 : update: added The Elwins/The Elwins - Show Me How To Move.mp3
Dec 22 17:52 : update: added The Elwins/The Elwins - So Down Low.mp3
Dec 22 17:52 : update: added Hawksley Workman/Hawksley Workman - Your Beauty Must Be Rubbing Off.mp3
Dec 22 17:52 : update: added Amy Millan/Amy Millan - I Will Follow You Into the Dark .mp3
Dec 22 17:52 : update: added Alabama Shakes/Alabama Shakes - Don't Wanna Fight.mp3
Dec 22 17:52 : update: added Alabama Shakes/Alabama Shakes - Hold On.mp3
Dec 22 17:52 : update: added Hozier/Hozier - Someone New.mp3
Dec 22 17:52 : update: added Andy Shauf/Andy Shauf - Jenny Come Home.mp3
Dec 22 17:52 : update: added Macklemore and Lewis/Macklemore & Ryan Lewis - Wing$.mp3
Dec 22 17:52 : update: added Macklemore and Lewis/Macklemore & Ryan Lewis - Gold (feat. Eighty4 Fly).mp3
Dec 22 17:52 : update: added Macklemore and Lewis/Macklemore & Ryan Lewis - Can't Hold Us (feat. Ray Dalton).mp3
Dec 22 17:52 : update: added Macklemore and Lewis/Macklemore & Ryan Lewis - Thin Line (feat. Buffalo Madonna).mp3
Dec 22 17:52 : update: added Macklemore and Lewis/Macklemore & Ryan Lewis - Ten Thousand Hours.mp3
Dec 22 17:52 : avahi: Service 'Music Player' successfully established.
Dec 22 17:52 : update: added Macklemore and Lewis/Macklemore & Ryan Lewis - White Walls (feat. ScHoolboy Q & Hollis).mp3
Dec 22 17:52 : update: added Macklemore and Lewis/Macklemore & Ryan Lewis - Thrift Shop (feat. Wanz).mp3
Dec 22 17:52 : update: added Macklemore and Lewis/Macklemore & Ryan Lewis - Same Love (feat. Mary Lambert).mp3
Dec 22 17:52 : update: added Catherine MacLellan/Catherine MacLellan - Eastern Girl.mp3
Dec 22 17:52 : update: added Catherine MacLellan/Catherine MacLellan - True Love.mp3
Dec 22 17:52 : update: added Joshua Van Tassel/Joshua Van Tassel - Daniel Craig.mp3
Dec 22 17:52 : update: added Boney M/Ra Ra Rasputin.mp3
Dec 22 17:52 : update: added Blue Rodeo/Blue Rodeo - Photograph.m4a
Dec 22 17:52 : update: added Blue Rodeo/Blue Rodeo - Five Days In July - 06. What Is This Love.mp3
Dec 22 17:52 : update: added Moulin Rouge/Ewan McGregor, Nicole Kidman - Elephant Love Medley.mp3
Dec 22 17:52 : update: added The Vapors/The Vapors  - Turning Japanese.mp3
Dec 22 17:52 : update: added Zero 7/Zero 7 - In Time.mp3
Dec 22 17:52 : update: added Avicii/Avicii - Hey Brother.mp3
Dec 22 17:52 : update: added Avicii/Avicii - Wake Me Up.mp3
Dec 22 17:52 : ffmpeg/mov,mp4,m4a,3gp,3g2,mj2: stream 0, timescale not set
Dec 22 17:52 : ffmpeg/mjpeg: Changeing bps to 8
Dec 22 17:52 : update: added Johnny Reid/Johnny Reid - A Woman Like You.m4a
Dec 22 17:52 : ffmpeg/mov,mp4,m4a,3gp,3g2,mj2: stream 0, timescale not set
Dec 22 17:52 : ffmpeg/mjpeg: Changeing bps to 8
Dec 22 17:52 : update: added Saint Motel/Saint Motel - My Type.m4a
Dec 22 17:52 : update: added David Gray/David Gray - Back In The World.mp3
Dec 22 17:52 : update: added Movits/Movits! - 06 - Fel del av gården.mp3
Dec 22 17:52 : update: added Movits/Movits! - 09 - Äppelknyckarjazz.mp3
Dec 22 17:52 : update: added Hitomitoi /Hitomitoi  - 一十三十一　時よ.mp3
Dec 22 17:52 : update: added The Mowglis/THE MOWGLIS- San Francisco.mp3
Dec 22 17:52 : update: added Zelda Twilight Princess/Nintendo OST - 21 - Twilight Princess Orchester (Don't want you no More) (Bonus Track).mp3
Dec 22 17:52 : update: added Mumford and Sons/Mumford & Sons - I Will Wait.mp3
Dec 22 17:52 : update: added Mumford and Sons/Mumford and Sons - Little Lion Man.mp3
Dec 22 17:52 : update: added Mumford and Sons/Mumford & Sons - Hopeless Wanderer.mp3
Dec 22 17:52 : update: added Mumford and Sons/Mumford & Sons - The Boxer.mp3
Dec 22 17:52 : update: added Bear's Den/Bears Den - Pompeii (original).mp3
Dec 22 17:52 : update: added Van Damsel/Van Damsel - Best Of Everything.mp3
Dec 22 17:52 : update: added Ween/Ween - 11 - Waving My Dick in the Wind.mp3
Dec 22 17:52 : update: added Dave Brubeck/Dave Brubeck - Take Five.mp3
Dec 22 17:52 : update: added Cuff The Duke/Cuff The Duke - Count On Me.mp3
Dec 22 17:52 : update: added Cuff The Duke/Cuff The Duke - Time Is Right.mp3
Dec 22 17:52 : update: added Rayland Baxter/Rayland Baxter - Yellow Eyes.mp3
Dec 22 17:52 : update: added Johnny Cash/Johnny Cash- (Ghost Riders) In the Sky.m4a
Dec 22 17:52 : update: added Johnny Cash/Hurt.mp3
Dec 22 17:52 : update: added Johnny Cash/Johnny Cash - Ring Of Fire.mp3
Dec 22 17:52 : update: added Digits/Digits - Lost Dream.mp3
Dec 22 17:52 : update: added M.I.A/M.I.A. - Paper Planes.mp3
Dec 22 17:52 : update: added Survivor/Eye of the Tiger.mp3
Dec 22 17:52 : update: added Dead Professional/Dead Professional -  Hold Back.mp3
Dec 22 17:52 : update: added Eliza Doolittle/Eliza Doolittle - Pack Up.mp3
Dec 22 17:52 : update: added Immigrant Union/Immigrant Union - Shameless.mp3
Dec 22 17:52 : update: added Immigrant Union/Immigrant Union - Lake Mokoan.mp3
Dec 22 17:52 : update: added The National/The National - Conversation 16.mp3
Dec 22 17:52 : update: added JP Hoe/JP Hoe - Save You.mp3
Dec 22 17:52 : update: added Brandi Carlile/Brandi Carlile - Wherever Is Your Heart.mp3
Dec 22 17:52 : update: added The Rolling Stones/The Rolling Stones - Wild Horses.mp3
Dec 22 17:52 : update: added The Rolling Stones/The Rolling Stones - Sympathy For The Devil.m4a
Dec 22 17:52 : update: added San Fermin/San Fermin - Emily.mp3
Dec 22 17:52 : update: added Guns 'n' Roses/Knockin On Heavens Door.mp3
Dec 22 17:52 : update: added Arkells/Arkells - Come To Light.mp3
Dec 22 17:52 : update: added Arkells/Arkells - What Are You Holding On To-.mp3
Dec 22 17:52 : update: added Arkells/Arkells - Dirty Blonde.mp3
Dec 22 17:52 : update: added Arkells/Arkells - Leather Jacket.mp3
Dec 22 17:52 : update: added Arkells/Arkells - Book Club.mp3
Dec 22 17:52 : update: added Cœur de pirate/Cœur de pirate - Carry On.mp3
Dec 22 17:52 : update: added Florence and the Machines/Florence and The Machine - Shake it Out.mp3
Dec 22 17:52 : update: added Clair Pichet/Claire Pichet - Rue des Cascades.mp3
Dec 22 17:52 : update: added Zelda WW/Koji Kondo - Staff Credit.mp3
Dec 22 17:52 : update: added Zelda WW/LoZWW  Windfall  HMrmx [Mix].mp3
Dec 22 17:52 : update: added Elvis Costello/Peace, Love and Understanding.mp3
Dec 22 17:52 : update: added Flight of the Conchords/Flight Of The Conchords - Hiphopopotamus Vs. Rhymenocerous.mp3
Dec 22 17:52 : update: added Bedouin Soundclash/Bedouin Soundclash - When The Night Fills My Song.mp3
Dec 22 17:52 : update: added Twin Forks/Twin Forks - Cross My Mind.mp3
Dec 22 17:52 : update: added The Charlie Daniels Band/The Charlie Daniels Band - The Devil Went Down To Georgia.m4a
Dec 22 17:52 : update: added Stars/Stars - Hold On When You Get Love and Let Go When You Give It.mp3
Dec 22 17:52 : update: added K.T. Tunstall/KT Tunstall - Suddenly I See.mp3
Dec 22 17:52 : update: added Ron Hawkins/Ron Hawkins - Saskia Begins.mp3
Dec 22 17:52 : update: added Don McLean/Don McLean - American Pie.mp3
Dec 22 17:52 : update: added beach house/Beach house - walk in the park lyrics.mp3
Dec 22 17:52 : update: added beach house/Beach House - Levitation.mp3
Dec 22 17:52 : update: added The Mountain Goats/The Mountain Goats - Heretic Pride.mp3
Dec 22 17:52 : update: added Jason Mraz/Jason Mraz - I'm Yours.mp3
Dec 22 17:52 : update: added Bonnie Tyler/Turn Around (Bright Eyes).mp3
Dec 22 17:52 : update: added Bonnie Tyler/Holding Out For a Hero - Bonnie Tyler.MP3
Dec 22 17:52 : update: added Fleetwood Mac/Don't Stop.mp3
Dec 22 17:52 : update: added Júníus Meyvant/Júníus Meyvant - Hailslide.mp3
Dec 22 17:52 : update: added Sheryl Crow/Sheryl Crow - First Cut Is The Deepest (Country Version).m4a
Dec 22 17:52 : update: added Sheryl Crow/Sheryl Crow - If It Makes You Happy.m4a
Dec 22 17:52 : update: added Sheryl Crow/Sheryl Crow - Everyday Is A Winding Road.m4a
Dec 22 17:52 : update: added Elliott Brood/Elliott Brood - Oh, Alberta.mp3
Dec 22 17:52 : update: added Elliott Brood/Elliott Brood - If I Get Old.mp3
Dec 22 17:52 : update: added Elliott Brood/Elliott Brood - Wolfgang.mp3
Dec 22 17:52 : update: added Elliott Brood/Elliott Brood - Northern Air.mp3
Dec 22 17:52 : ffmpeg/mov,mp4,m4a,3gp,3g2,mj2: stream 0, timescale not set
Dec 22 17:52 : ffmpeg/mjpeg: Changeing bps to 8
Dec 22 17:52 : update: added Ed Sheeran/Ed Sheeran - Lego House.m4a
Dec 22 17:52 : update: added Fast Romantics/Fast Romantics - JULIA.mp3
Dec 22 17:52 : update: added Bleachers/Bleachers - I Wanna Get Better.mp3
Dec 22 17:52 : update: added Paul Oakenfold/Paul Oakenfold - Starry Eyed Surprise.mp3
Dec 22 17:52 : update: added MGMT/MGMT - Kids.mp3
Dec 22 17:52 : update: added Girls/Girls - Hellhole Ratrace.mp3
Dec 22 17:52 : update: added sonic/Sega - Ice Cap Zone Act 1.mp3
Dec 22 17:52 : update: added sonic/Sega - Casino Night Zone.mp3
Dec 22 17:52 : update: added sonic/Sega - Mystic Cave Zone.mp3
Dec 22 17:52 : update: added Kurt Vile/Kurt Vile - Wakin on a Pretty Day.mp3
Dec 22 17:52 : update: added Punch Brothers/Punch Brothers - Flippen (The Flip).m4a
Dec 22 17:52 : update: added The Ramones/The Ramones - Blitzkrieg Bop.mp3
Dec 22 17:52 : update: added Carl Fontana/02 Track 2.wma
Dec 22 17:52 : update: added The Calling/The Calling - Wherever You Will Go.mp3
Dec 22 17:52 : update: added Cigarettes After Sex/Cigarettes After Sex - Our Last Day.mp3
Dec 22 17:52 : update: added Scouting For Girls/Scouting For Girls - Elvis Ain't Dead.mp3
Dec 22 17:52 : update: added Scouting For Girls/Scouting For Girls - Heartbeat.mp3
Dec 22 17:52 : update: added James Bay/James Bay - Hold Back The River.mp3
Dec 22 17:52 : update: added JJ and the Pillars/JJ and the Pillars - Burning Leaves.mp3
Dec 22 17:52 : update: added JJ and the Pillars/JJ and the Pillars - The Wolves.mp3
Dec 22 17:52 : update: added Jason Collett/Jason Collett - Song And Dance Man.mp3
Dec 22 17:52 : update: added MEG MAC/MEG MAC - Roll Up Your Sleeves.mp3
Dec 22 17:52 : ffmpeg/mov,mp4,m4a,3gp,3g2,mj2: stream 0, timescale not set
Dec 22 17:52 : ffmpeg/mjpeg: Changeing bps to 8
Dec 22 17:52 : update: added Aisha Duo/Aisha Duo - Despertar.m4a
Dec 22 17:52 : update: added Bobby Darin/Don't Rain on My Parade.mp3
Dec 22 17:52 : update: added Serenity/David Newman - Going For A Ride.mp3
Dec 22 17:52 : update: added Frank Turner/Frank Turner - Photosynthesis.mp3
Dec 22 17:52 : update: added Hayden/Hayden - Nowhere We Cannot Go.mp3
Dec 22 17:52 : update: added Of Monsters And Men/Of Monsters And Men - Little Talks.mp3
Dec 22 17:52 : update: added Of Monsters And Men/Of Monsters And Men - Dirty Paws.mp3
Dec 22 17:52 : update: added Of Monsters And Men/Of Monsters And Men - King And Lionheart.mp3
Dec 22 17:52 : update: added Of Monsters And Men/Of Monsters and Men - Mountain Sound.mp3
Dec 22 17:52 : update: added Of Monsters And Men/Of Monsters and Men - Crystals.mp3
Dec 22 17:52 : update: added Delays/Delays - Hooray.mp3
Dec 22 17:52 : update: added Lowell/Lowell - The Bells.mp3
Dec 22 17:52 : update: added Rush/Rush - Spirit of the Radio.mp3
Dec 22 17:52 : update: added Rush/Rush - The Spirit of Radio; Greatest Hits 1974-1987 - 02 - Fly by Night.mp3
Dec 22 17:52 : update: added Quiet Parade/Quiet Parade - We Were Here.mp3
Dec 22 17:52 : update: added Broken Bells/Broken Bells - No Matter What You're Told.mp3
Dec 22 17:52 : update: added Broken Bells/Broken Bells - Holding On for Life.mp3
Dec 22 17:52 : update: added The Slocan Ramblers/The Slocan Ramblers - The Law And The Lonesome (Jonathan Byrd & Corin Raymond Cover).mp3
Dec 22 17:52 : update: added Ladyhawke/Ladyhawke - Blue Eyes.mp3
Dec 22 17:52 : update: added Kenny Loggins/Kenny Loggins - Danger Zone.mp3
Dec 22 17:52 : update: added Compilerbau/compilerbau - neon drive 84.mp3
Dec 22 17:52 : update: added Kavinsky/Kavinsky & Lovefoxxx - Nightcall.mp3
Dec 22 17:52 : update: added Frazey Ford/Frazey Ford - Runnin'.mp3
Dec 22 17:52 : update: added The Muttering Retreats/The Muttering Retreats - The Capitalist & The Communist Vie For Our Hero's Affection.mp3
Dec 22 17:52 : update: added Men At Work/Men At Work - Down Under.mp3
Dec 22 17:52 : update: added Supergrass/Supergrass - Rebel In You.mp3
Dec 22 17:52 : update: added Dire Straits/Dire Straits - Walk Of Life.mp3
Dec 22 17:52 : update: added Mika/Mika - Big Girl (You Are Beautiful).mp3
Dec 22 17:52 : update: added The Cult/The Cult - She Sells Sanctuary.mp3
Dec 22 17:52 : update: added Edward Shape & the Magnetic Zeros/Up From Below/Edward Sharpe & The Magnetic Zeros - Home.mp3
Dec 22 17:52 : update: added Waxahatchee/Waxahatchee - Peace and Quiet.mp3
Dec 22 17:52 : update: added Alkaline Trio/Alkaline Trio - Calling All Skeletons.mp3
Dec 22 17:52 : update: added Sixpence None The Richer/Sixpence None The Richer - Kiss Me.mp3
Dec 22 17:52 : update: added Ray Parker Jr/Ghostbusters.mp3
Dec 22 17:52 : update: added Family of the Year/Family Of The Year - Hero.mp3
Dec 22 17:52 : update: added Family of the Year/Family Of The Year - St. Croix.mp3
Dec 22 17:52 : update: added Family of the Year/Family of the Year - Make You Mine.mp3
Dec 22 17:52 : update: added The Weepies/The Weepies - No Trouble.mp3
Dec 22 17:52 : update: added The Decemberists/The Decemberists - Make You Better.mp3
Dec 22 17:52 : update: added Explosions In The Sky/Explosions In The Sky - Your Hand In Mine.mp3
Dec 22 17:52 : update: added The Church/The Church - Under The Milky Way.mp3
Dec 22 17:52 : update: added Carly Rae Jepsen/Carly Rae Jepsen - Call Me Maybe.mp3
Dec 22 17:52 : update: added Carly Rae Jepsen/Carly Rae Jepsen - Emotion.mp3
Dec 22 17:52 : update: added Carly Rae Jepsen/Carly Rae Jepsen - I Really Like You.mp3
Dec 22 17:52 : update: added Billy Joel/Billy Joel - Piano Man.mp3
Dec 22 17:52 : update: added Billy Joel/Billy Joel - It's Still Rock & Roll To Me.mp3
Dec 22 17:52 : update: added Sarah McLachlan/Heartbreak.mp3
Dec 22 17:52 : update: added Sarah McLachlan/Sarah McLachlan - Stupid.mp3
Dec 22 17:52 : update: added Sarah McLachlan/Illusions Of Bliss.mp3
Dec 22 17:52 : update: added Sarah McLachlan/Loving You Is Easy.mp3
Dec 22 17:52 : update: added Sarah McLachlan/Awakenings.mp3
Dec 22 17:52 : update: added Sarah McLachlan/Changes.mp3
Dec 22 17:52 : update: added Sarah McLachlan/Sarah McLachlan - World On Fire.mp3
Dec 22 17:52 : update: added Sarah McLachlan/Don't Give Up On Us.mp3
Dec 22 17:52 : update: added Sarah McLachlan/Sarah McLachlan - Sweet Surrender.mp3
Dec 22 17:52 : update: added Sarah McLachlan/Bring On The Wonder.mp3
Dec 22 17:52 : update: added Sarah McLachlan/Sarah McLachlan - Fallen.mp3
Dec 22 17:52 : update: added Sarah McLachlan/Sarah McLachlan - I Will Remember You.mp3
Dec 22 17:52 : update: added Sarah McLachlan/Forgiveness.mp3
Dec 22 17:52 : update: added Sarah McLachlan/Sarah McLachlan - Building A Mystery.mp3
Dec 22 17:52 : update: added Sarah McLachlan/Sarah McLachlan - Push.mp3
Dec 22 17:52 : update: added Sarah McLachlan/Sarah McLachlan - Vox.mp3
Dec 22 17:52 : update: added Sarah McLachlan/Sarah McLachlan - Adia.mp3
Dec 22 17:52 : update: added Asia/Asia  - Heat of the Moment.mp3
Dec 22 17:52 : update: added Styx/Styx - Renegade.mp3
Dec 22 17:52 : update: added Jamestown Revival/Jamestown Revival -  Fur Coat Blues.mp3
Dec 22 17:52 : update: added Chantal Kreviazuk/Chantal Kreviazuk - Weight of the World.mp3
Dec 22 17:52 : update: added Tom Jones/It's Not Unusual.mp3
Dec 22 17:52 : update: added Luke Dowler/Luke Dowler - Heart Attack.mp3
Dec 22 17:52 : update: added The Lucksmiths/The Lucksmiths - I Started A Joke.mp3
Dec 22 17:52 : update: added Jay Malinowski and The Deadcoast/Jay Malinowski and The Deadcoast - Patience Phipps.mp3
Dec 22 17:52 : update: added 38 Special/38 Special  - Hold on Loosely.mp3
Dec 22 17:52 : update: added Fitz And The Tantrums/Fitz & The Tantrums - Out of My League.mp3
Dec 22 17:52 : update: added Bloodhound Gang/Bad Touch.mp3
Dec 22 17:52 : update: added Atlas Genius/Atlas Genius - If So.mp3
Dec 22 17:52 : update: added Atlas Genius/Atlas Genius - Trojans.mp3
Dec 22 17:52 : update: added Atlas Genius/Atlas Genius - Back Seat.mp3
Dec 22 17:52 : update: added Norah Jones/Norah Jones - Sunrise.m4a
Dec 22 17:52 : update: added John Cale/Paris 1919.mp3
Dec 22 17:52 : update: added Vance Joy/Vance Joy - Play With Fire.mp3
Dec 22 17:52 : update: added Vance Joy/Vance Joy - Riptide.mp3
Dec 22 17:52 : update: added Vance Joy/Vance Joy - From Afar.mp3
Dec 22 17:52 : update: added Blue Swede/Blue Swede - Hooked on a Feeling.mp3
Dec 22 17:52 : update: added Brooke Russel/Brooke Russel - Nevers Gonna Take Too Long.mp3
Dec 22 17:52 : update: added Hollerado/Hollerado - Good Day At The Races.mp3
Dec 22 17:52 : update: added Eric Clapton/Eric Clapton - Layla.mp3
Dec 22 17:52 : update: added Milky Chance/Milky Chance - Loveland (Studio Version).mp3
Dec 22 17:52 : update: added Milky Chance/Milky Chance - Sadnecessary.mp3
Dec 22 17:52 : update: added Milky Chance/Milky Chance - Down By The River.mp3
Dec 22 17:52 : update: added Milky Chance/Milky Chance - Stolen Dance.mp3
Dec 22 17:52 : update: added Milky Chance/Milky Chance - Flashed Junk Mind.mp3
Dec 22 17:52 : update: added Pink/Pink - Blow Me (One Last Kiss).mp3
Dec 22 17:52 : update: added ProleteR/ProleteR - April showers.mp3
Dec 22 17:52 : update: added Lynyrd Skynyrd/Lynyrd Skynyrd - Sweet Home Alabama.mp3
Dec 22 17:52 : update: added Dance with the Dead/Dance With the Dead - Thrasher.mp3
Dec 22 17:52 : update: added Dance with the Dead/Dance With the Dead - Mr. Terror.mp3
Dec 22 17:52 : update: added Dance with the Dead/Dance With the Dead - Hell Ride.mp3
Dec 22 17:52 : update: added Dance with the Dead/Dance With the Dead - Fracture.mp3
Dec 22 17:52 : update: added Dance with the Dead/Dance With the Dead - Robeast.mp3
Dec 22 17:52 : update: added Dance with the Dead/Dance With the Dead - Sunset.mp3
Dec 22 17:52 : update: added Dance with the Dead/Dance With the Dead - The Deep.mp3
Dec 22 17:52 : update: added Dance with the Dead/Dance With the Dead - Dancing on Air.mp3
Dec 22 17:52 : update: added Dance with the Dead/Dance With the Dead - Out of Body.mp3
Dec 22 17:52 : update: added Dance with the Dead/Dance With the Dead - Cobra.mp3
Dec 22 17:52 : update: added Dance with the Dead/Dance With the Dead - Stitch.mp3
Dec 22 17:52 : update: added Dance with the Dead/Dance With the Dead - Zombie Night.mp3
Dec 22 17:52 : update: added Dance with the Dead/Dance With the Dead - Blind.mp3
Dec 22 17:52 : update: added The Eastern/The Eastern - Murder Ballad.mp3
Dec 22 17:52 : update: added Nathaniel Rateliff & The Night Sweats/Nathaniel Rateliff & The Night Sweats - SOB.mp3
Dec 22 17:52 : update: added The Monkees/The Monkees - Goin' Down.mp3
Dec 22 17:52 : update: added The Monkees/The Monkees - Heart And Soul.mp3
Dec 22 17:52 : update: added Electric Six/Electric Six - Danger! High Voltage.mp3
Dec 22 17:52 : update: added Electric Six/Electric Six - Gay Bar.mp3
Dec 22 17:52 : update: added Mazzy Star/1990 - She Hangs Brightly/07 - Be My Angel.mp3
Dec 22 17:52 : update: added Mazzy Star/1990 - She Hangs Brightly/06 - Give You My Lovin'.mp3
Dec 22 17:52 : update: added Mazzy Star/1990 - She Hangs Brightly/10 - Free.mp3
Dec 22 17:52 : update: added Mazzy Star/1990 - She Hangs Brightly/02 - Blue Flower.mp3
Dec 22 17:52 : update: added Mazzy Star/1990 - She Hangs Brightly/03 - Ride It On.mp3
Dec 22 17:52 : update: added Mazzy Star/1990 - She Hangs Brightly/04 - She Hangs Brightly.mp3
Dec 22 17:52 : update: added Mazzy Star/1990 - She Hangs Brightly/09 - That Highway.mp3
Dec 22 17:52 : update: added Mazzy Star/1990 - She Hangs Brightly/11 - Before I Sleep.mp3
Dec 22 17:52 : update: added Mazzy Star/1990 - She Hangs Brightly/08 - Taste Of Blood.mp3
Dec 22 17:52 : update: added Mazzy Star/1990 - She Hangs Brightly/05 - I'm Sailin'.mp3
Dec 22 17:52 : update: added Mazzy Star/1990 - She Hangs Brightly/01 - Holah.mp3
Dec 22 17:52 : update: added Mazzy Star/1993 - So Tonight That I Might See/05 - Blue Light.mp3
Dec 22 17:52 : update: added Mazzy Star/1993 - So Tonight That I Might See/03 - Mary of Silence.mp3
Dec 22 17:52 : update: added Mazzy Star/1993 - So Tonight That I Might See/04 - Five String Serenade.mp3
Dec 22 17:52 : update: added Mazzy Star/1993 - So Tonight That I Might See/09 - Into Dust.mp3
Dec 22 17:52 : update: added Mazzy Star/1993 - So Tonight That I Might See/07 - Unreflected.mp3
Dec 22 17:52 : update: added Mazzy Star/1993 - So Tonight That I Might See/01 - Fade Into You.mp3
Dec 22 17:52 : update: added Mazzy Star/1993 - So Tonight That I Might See/10 - So Tonight That I Might See.mp3
Dec 22 17:52 : update: added Mazzy Star/1993 - So Tonight That I Might See/08 - Wasted.mp3
Dec 22 17:52 : update: added Mazzy Star/1993 - So Tonight That I Might See/02 - Bells Ring.mp3
Dec 22 17:52 : update: added Mazzy Star/1993 - So Tonight That I Might See/06 - She's My Baby.mp3
Dec 22 17:52 : update: added Mazzy Star/1996 - Among My Swan/04 - Cry, Cry.mp3
Dec 22 17:52 : update: added Mazzy Star/1996 - Among My Swan/02 - Flowers In December.mp3
Dec 22 17:52 : update: added Mazzy Star/1996 - Among My Swan/07 - All Your Sisters.mp3
Dec 22 17:52 : update: added Mazzy Star/1996 - Among My Swan/05 - Take Everything.mp3
Dec 22 17:52 : update: added Mazzy Star/1996 - Among My Swan/10 - Happy.mp3
Dec 22 17:52 : update: added Mazzy Star/1996 - Among My Swan/01 - Disappear.mp3
Dec 22 17:52 : update: added Mazzy Star/1996 - Among My Swan/09 - Roseblood.mp3
Dec 22 17:52 : update: added Mazzy Star/1996 - Among My Swan/11 - Umbilical.mp3
Dec 22 17:52 : update: added Mazzy Star/1996 - Among My Swan/06 - Still Cold.mp3
Dec 22 17:52 : update: added Mazzy Star/1996 - Among My Swan/12 - Look On Down From The Bridge.mp3
Dec 22 17:52 : update: added Mazzy Star/1996 - Among My Swan/03 - Rhymes Of An Hour.mp3
Dec 22 17:52 : update: added Mazzy Star/1996 - Among My Swan/08 - I've Been Let Down.mp3
Dec 22 17:52 : update: added Rah Rah/Rah Rah -- Prairie Girl.mp3
Dec 22 17:52 : update: added Rah Rah/Rah Rah - Good Winter.mp3
Dec 22 17:52 : update: added Yukon Blonde/Yukon Blonde - Saturday Night.mp3
Dec 22 17:52 : update: added Lord Huron/Lord Huron - Lonesome Dreams.mp3
Dec 22 17:52 : update: added Lord Huron/Lord Huron - Fool For Love.mp3
Dec 22 17:52 : update: added Lord Huron/Lord Huron - Ends Of The Earth.mp3
Dec 22 17:52 : update: added Lord Huron/Lord Huron - Time To Run.mp3
Dec 22 17:52 : update: added Basia Bulat/Basia Bulat - Tall Tall Shadow.mp3
Dec 22 17:52 : update: added Andra Day/Andra Day - Only Love.mp3
Dec 22 17:52 : update: added Three Dog Night/Shambala.mp3
Dec 22 17:52 : update: added Three Dog Night/An Old Fashioned Love Song.mp3
Dec 22 17:52 : update: added Three Dog Night/Let Me Serenade You.mp3
Dec 22 17:52 : update: added The Darkness/The Darkness - I Believe In a Thing Called Love.mp3
Dec 22 17:52 : update: added Roberto Pregadio/Ballata Per Un Pistolero (Ballad of a Gunman) (1969).m4a
Dec 22 17:52 : update: added docfuture/Topher Florence - Sonic Adventure 2 - Metal Harbor (8-Bit Offbeat Nightmare Mix).mp3
Dec 22 17:52 : update: added docfuture/Topher Florence - Mystic Caves Zone.mp3
Dec 22 17:52 : update: added Harlem Shakes/Harlem Shakes - Sunlight.mp3
Dec 22 17:52 : update: added John Newman/John Newman - Love Me Again.mp3
Dec 22 17:52 : update: added Buena Vista Social Club/Buena Vista Social Club - Chan Chan.mp3
Dec 22 17:52 : update: added Jon Thor Birgisson/Jon Thor Birgisson - Sticks & Stones (performed by Jonsi).mp3
Dec 22 17:52 : update: added Justin Rutledge/Justin Rutledge - Out of The Woods.mp3
Dec 22 17:52 : update: added Queen/Queen - Crazy Little Thing Called Love.mp3
Dec 22 17:52 : update: added Queen/Queen - Seven Seas Of Rhye.mp3
Dec 22 17:52 : update: added Queen/Queen - Under Pressure.mp3
Dec 22 17:52 : update: added Queen/Queen - We Will Rock You.mp3
Dec 22 17:52 : update: added Queen/Queen - We Are The Champions.mp3
Dec 22 17:52 : update: added Queen/Queen - Bohemian Rhapsody.mp3
Dec 22 17:52 : update: added Queen/Queen - Don't Stop Me Now.mp3
Dec 22 17:52 : update: added Queen/Queen - You're My Best Friend.mp3
Dec 22 17:52 : update: added Queen/Queen - Somebody To Love.mp3
Dec 22 17:52 : update: added Queen/Queen - Fat Bottomed Girls.mp3
Dec 22 17:52 : update: added Queen/Queen - Another One Bites The Dust.mp3
Dec 22 17:52 : update: added Queen/Queen - Killer Queen.mp3
Dec 22 17:52 : update: added Queen/Queen - Save Me.mp3
Dec 22 17:52 : update: added Queen/Queen - Good Old-Fashioned Lover Boy.mp3
Dec 22 17:52 : update: added Queen/Queen - Flash.mp3
Dec 22 17:52 : update: added Boy and Bear/Boy And Bear - Big Man.mp3
Dec 22 17:52 : update: added Boy and Bear/Eliza Doolittle - Rollerblades.mp3
Dec 22 17:52 : update: added Boy and Bear/Boy And Bear - Golden Jubilee.mp3
Dec 22 17:52 : update: added Boy and Bear/Boy And Bear - Feeding Line.mp3
Dec 22 17:52 : update: added Boy and Bear/Boy And Bear - Milk & Sticks.mp3
Dec 22 17:52 : update: added Boy and Bear/Boy and Bear - Southern Sun.mp3
Dec 22 17:52 : update: added Boy and Bear/Boy And Bear - Lordy May.mp3
Dec 22 17:52 : update: added Jack White/Jack White - Love Interruption.mp3
Dec 22 17:52 : update: added Mariachi Ghost/Mariachi Ghost - Mariachi Ghost.mp3
Dec 22 17:52 : update: added Mariachi Ghost/Mariachi Ghost - Sweet Water.mp3
Dec 22 17:52 : update: added Mariachi Ghost/Mariachi Ghost - Cascabel.mp3
Dec 22 17:52 : update: added Street Sweeper Social Club/Street Sweeper Social Club - Promenade.mp3
Dec 22 17:52 : update: added Cake/Cake - Love You Madly.mp3
Dec 22 17:52 : update: added Thea Danos/Thea Danos - Wait So Long.mp3
Dec 22 17:52 : update: added Anamanaguchi/Bit Trip Runner Blackout City - Anamanaguchi.mp3
Dec 22 17:52 : update: added Emmy the Great/Emmy The Great - Dylan.mp3
Dec 22 17:52 : update: added Emmy the Great/First Love - 11 - Bad Things Coming We Are Safe.mp3
Dec 22 17:52 : update: added Emmy the Great/Emmy The Great - First Love.mp3
Dec 22 17:52 : update: added Emmy the Great/First Love - 13 - City Song.mp3
Dec 22 17:52 : update: added Half Moon Run/Half Moon Run - Turn Your Love.mp3
Dec 22 17:52 : update: added Danny Michel/Danny Michel - Feather, Fur & Fin.mp3
Dec 22 17:52 : update: added Kalle Mattson/Kalle Mattson - Avalanche.mp3
Dec 22 17:52 : update: added Kalle Mattson/Kalle Mattson - Darkness.mp3
Dec 22 17:52 : update: added Empire Of The Sun/Empire Of The Sun - Walking On A Dream.mp3
Dec 22 17:52 : update: added Bahamas/Bahamas - Lost in the Light.mp3
Dec 22 17:52 : update: added Bahamas/Bahamas - Caught Me Thinking.mp3
Dec 22 17:52 : update: added Black Mountain/Black Mountain - Modern Music.mp3
Dec 22 17:52 : update: added Counting Crows/Counting Crows - Accidentally in Love.mp3
Dec 22 17:52 : update: added Rex Allen Jr./REX ALLEN JR The Man Who Shot Liberty Valance (2005).m4a
Dec 22 17:52 : update: added twenty one pilots/twenty one pilots - Not Today.mp3
Dec 22 17:52 : update: added twenty one pilots/twenty one pilots - The Judge.mp3
Dec 22 17:52 : update: added The Romantics/The Romantics  - What I Like About You.mp3
Dec 22 17:52 : update: added Daft Punk/Daft Punk - Get Lucky (Feat. Pharrell Williams).mp3
Dec 22 17:52 : update: added Daft Punk/Daft Punk - Harder, Better, Faster, Stronger.mp3
Dec 22 17:52 : update: added These United States/These United States - First Sight.mp3
Dec 22 17:52 : update: added Spindrift/Spindrift - The Legend Of God's Gun.m4a
Dec 22 17:52 : update: added Eagles Of Death Metal/Eagles of Death Metal - Miss Alissa.mp3
Dec 22 17:52 : update: added Dirtwire/Dirtwire - Damn Rooster.mp3
Dec 22 17:52 : update: added The Young Folk/The Young Folk - Way Home.mp3
Dec 22 17:52 : update: added The Young Republic/The Young Republic - Girl From The Northern States.mp3
Dec 22 17:52 : update: added Walk the Moon/Shut Up and Dance.mp3
Dec 22 17:52 : update: added River City Extension/River City Extension - Something Salty, Something Sweet.mp3
Dec 22 17:52 : update: added Snow Patrol/Snow Patrol - Take Back the City.mp3
Dec 22 17:52 : update: added Snow Patrol/Snow Patrol - If There's A Rocket Tie Me To It.mp3
Dec 22 17:52 : update: added Toto/Toto - Africa.flac
Dec 22 17:52 : update: added Dominique A/Dominique A - Monochrome.mp3
Dec 22 17:52 : update: added Elton John/Elton John - Philadelphia Freedom.m4a
Dec 22 17:52 : update: added Elton John/Elton John - Tiny Dancer.m4a
Dec 22 17:52 : update: added Ayleen O'Hanlon/Ayleen O'Hanlon - North Of Nowhere.mp3
Dec 22 17:52 : update: added Death Cab For Cutie/Death Cab For Cutie - I Will Possess Your Heart.mp3
Dec 22 17:52 : update: added Joni Mitchell/Joni Mitchell - A Case of You.mp3
Dec 22 17:52 : update: added Scandal/Scandal  - The Warrior.mp3
Dec 22 17:52 : update: added ABBA/Dancing Queen.mp3
Dec 22 17:52 : update: added ABBA/S.O.S..mp3
Dec 22 17:52 : update: added dustforce/Lifeformed - 9-bit Expedition.mp3
Dec 22 17:52 : update: added dustforce/Lifeformed - Fastfall - 17 Light Pollution.mp3
Dec 22 17:52 : update: added dustforce/Lifeformed - Fastfall - 04 Fifty FPS Forest.mp3
Dec 22 17:52 : update: added dustforce/Lifeformed - Fastfall - 03 Elvish Piper Academy.mp3
Dec 22 17:52 : update: added dustforce/Lifeformed - Fastfall - 01 Cider Time.mp3
Dec 22 17:52 : update: added John Powell/John Powell - Coming Back Around.mp3
Dec 22 17:52 : update: added John Powell/John Powell - This Is Berk.mp3
Dec 22 17:52 : update: added The Nitty Gritty Dirt Band, Various Arti/The Nitty Gritty Dirt Band, Various Artists - Nashville Blues.m4a
Dec 22 17:52 : update: added Chet Baker/Chet Baker - I fall in love too easily.mp3
Dec 22 17:52 : update: added Wombats/The Wombats - Let's Dance To Joy Division.mp3
Dec 22 17:52 : update: added Yann Tiersen/Yann Tiersen - L'Autre Valse d'Amélie (Version Quatuor à Cordes et Piano).mp3
Dec 22 17:52 : update: added Yann Tiersen/Yann Tiersen - Les Deux Pianos.mp3
Dec 22 17:52 : update: added Yann Tiersen/Yann Tiersen - La Noyée.mp3
Dec 22 17:52 : update: added Yann Tiersen/Yann Tiersen - La Valse d'Amélie.mp3
Dec 22 17:52 : update: added Yann Tiersen/Yann Tiersen - Comptine d'un autre été  L'après-midi.mp3
Dec 22 17:52 : update: added Yann Tiersen/Yann Tiersen - Le Fromveur.mp3
Dec 22 17:52 : update: added Yann Tiersen/Yann Tiersen - Good bye Lenin.mp3
Dec 22 17:52 : update: added Yann Tiersen/Yann Tiersen - La Valse d'Amélie (Version Orchestre).mp3
Dec 22 17:52 : update: added Yann Tiersen/Yann Tiersen - Pas si Simple.mp3
Dec 22 17:52 : update: added Yann Tiersen/Yann Tiersen - Le Quartier.mp3
Dec 22 17:52 : update: added The Killers/The Killers - Mr. Brightside.mp3
Dec 22 17:52 : update: added The Killers/The Killers - Human.mp3
Dec 22 17:52 : update: added The Killers/Spacemen (Steve Aoki & The Bloody Beetroots Remix).mp3
Dec 22 17:52 : update: added Lorne Greene/The Devil's Grin - Lorne Greene.m4a
Dec 22 17:52 : update: added Ryan Adams/Ryan Adams - Stay With Me.mp3
Dec 22 17:52 : update: added Eva Cassidy/Eva Cassidy - 10 - Over The Rainbow.mp3
Dec 22 17:52 : update: added Eva Cassidy/Eva Cassidy - 01 - Fields Of Gold.mp3
Dec 22 17:52 : update: added Pigeon John/Pigeon John -The Bomb.mp3
Dec 22 17:52 : update: added Clean Bandit/Clean Bandit Ft. Jess Glynne-Rather Be.mp3
Dec 22 17:52 : update: added Ivan & Alyosha/Ivan & Alyosha - All This Wandering Around.mp3
Dec 22 17:52 : update: added Matchbox Twenty/Matchbox Twenty - How Far We've Come.mp3
Dec 22 17:52 : update: added Kodaline/Kodaline - Love Like This.mp3
Dec 22 17:52 : update: added Bryan Adams/Summer of 69.mp3
Dec 22 17:52 : update: added Bryan Adams/Bryan Adams - You Belong To Me.mp3
Dec 22 17:52 : update: added 30 Seconds To Mars/Kings And Queens.mp3
Dec 22 17:52 : update: added AWOLNATION/Hollow Moon (Bad Wolf)_188055848_soundcloud.mp3
Dec 22 17:52 : update: added Mario 64/Mario 64 - Dire, Dire Docks SL.mp3
Dec 22 17:52 : update: added OneRepublic/OneRepublic - If I Lose Myself.mp3
Dec 22 17:52 : update: added OneRepublic/OneRepublic - Counting Stars.mp3
Dec 22 17:52 : update: added METRIC/METRIC - The Shade.mp3
Dec 22 17:52 : update: added Divinyls/When I Think About You I Touch Mysel.mp3
Dec 22 17:52 : update: added The Jackson 5/The Jackson 5 - ABC.mp3
Dec 22 17:52 : update: added Luis Bacalov/LUIS BACALOV- EDDA DELL'ORSO -'The Grand Duel' (1972).m4a
Dec 22 17:52 : update: added Old Man Luedecke/Old Man Luedecke - A&W Song.mp3
Dec 22 17:52 : update: added Old Man Luedecke/Old Man Luedecke - I'm Fine (I am, I am).mp3
Dec 22 17:52 : update: added Handsome Boy Modeling School/Handsome Boy Modeling School - Breakdown.mp3
Dec 22 17:52 : update: added Rihanna/Rihanna - We Found Love (feat. Calvin Harris).mp3
Dec 22 17:52 : update: added Travis/Travis - Love Will Come Through.mp3
Dec 22 17:52 : update: added Ennio Morricone/Ennio Morricone - Il Ritorno di Ringo (The Return of Ringo).mp3
Dec 22 17:52 : update: added Ennio Morricone/Ennio Morricone - The Untouchables (from The Untouchables).mp3
Dec 22 17:52 : update: added Ennio Morricone/Ennio Morricone - Theme From A Fistful Of Dollars.mp3
Dec 22 17:52 : update: added Ennio Morricone/Ennio Morricone - Per Qualche Dollaro in Piú (aka for a Few Dollars More) (For a Few Dollars More).mp3
Dec 22 17:52 : update: added Ennio Morricone/Ennio Morricone - The Good, The Bad and The Ugly (Main Title).mp3
Dec 22 17:52 : update: added Ennio Morricone/Ennio Morricone - The Ecstacy of Gold (The Good, The Bad and The Ugly).mp3
Dec 22 17:52 : update: added The Who/The Who - Baba O'Riley.mp3
Dec 22 17:52 : update: added Remy Zero/Remy Zero - Save Me.mp3
Dec 22 17:52 : update: added Train/Train - Hey, Soul Sister.mp3
Dec 22 17:52 : update: added New Pornograhpers/The New Pornographers - The Electric Version.m4a
Dec 22 17:52 : update: added Druid/Druid - Right here (Manhattans Bootleg) (HD).mp3
Dec 22 17:52 : update: added Journey/Journey_02_Don't Stop Believin'.mp3
Dec 22 17:52 : update: added Spirit of the West/Spirit of the West - And If Venice Is Sinking.mp3
Dec 22 17:52 : update: added Spirit of the West/Spirit Of The West - Heavenly Angel (Celtic Ballad).mp3
Dec 22 17:52 : update: added Spirit of the West/Spirit of the West - Morning in the Bath Abbey.mp3
Dec 22 17:52 : update: added Spirit of the West/Spirit of the West - Sentimental Side.mp3
Dec 22 17:52 : update: added Spirit of the West/Spirit of the West - Another Happy New Year.mp3
Dec 22 17:52 : update: added Spirit of the West/Spirit Of The West - Goodbye Grace.m4a
Dec 22 17:52 : update: added Spirit of the West/Spirit of the West - Home For a Rest.mp3
Dec 22 17:52 : update: added Spirit of the West/Spirit of the West - The Old Sod.mp3
Dec 22 17:52 : update: added Spirit of the West/Spirit Of The West - D For Democracy (Scour The House).m4a
Dec 22 17:52 : update: added Sweet Alibi/Sweet Alibi - Ill Wait.mp3
Dec 22 17:52 : update: added Michael Claytor and Friends/Michael Claytor and Friends - Birth of An Outlaw.m4a
Dec 22 17:52 : update: added Michelle Branch/All You Wanted.mp3
Dec 22 17:52 : update: added Luke Doucet/Luke Doucet - 01 - Long Haul Driver.mp3
Dec 22 17:52 : update: added Yo La Tengo/Yo La Tengo - The Crying Of Lot G.mp3
Dec 22 17:52 : update: added X Ambassadors/X Ambassadors - Renegades.mp3
Dec 22 17:52 : update: added Phillip Phillips/Phillip Phillips - Home.mp3
Dec 22 17:52 : update: added Alejandra Ribera/Alejandra Ribera - I Want.mp3
Dec 22 17:52 : update: added College/College - A Real Hero (feat. Electric Youth).mp3
Dec 22 17:52 : avahi: Service 'Music Player' successfully established.
Dec 22 17:52 : client: [0] opened from 127.0.0.1:42486
Dec 22 17:52 : client: [0] closed
Dec 22 17:52 : client: [1] opened from 127.0.0.1:42488
Dec 22 17:52 : db: No such directory
Dec 22 17:52 : errno: Failed to open "/home/dt/.config/mpd/playlists/..m3u": No such file or directory
Dec 22 17:52 : playlist: No such playlist
Dec 22 17:52 : db: No such directory
Dec 22 17:52 : errno: Failed to open "/home/dt/.config/mpd/playlists/..m3u": No such file or directory
Dec 22 17:52 : playlist: No such playlist
Dec 22 17:53 : db: No such directory
Dec 22 17:53 : errno: Failed to open "/home/dt/.config/mpd/playlists/music.m3u": No such file or directory
Dec 22 17:53 : playlist: No such playlist
Dec 22 17:54 : player: played "00 New/Mr. Twin Sister - Meet the Frownies .mp3"
Dec 22 17:54 : player: played "00 New/Mr. Twin Sister - Meet the Frownies .mp3"
Dec 22 17:54 : player: played "00 New/Mr. Twin Sister - Meet the Frownies .mp3"
Dec 22 17:54 : player: played "00 New/Cigarettes After Sex - Affection.mp3"
Dec 22 17:54 : client: [1] closed
Dec 22 17:55 : client: [2] opened from 127.0.0.1:42510
Dec 22 17:55 : player: played "00 New/Mr. Twin Sister - Meet the Frownies .mp3"
Dec 22 17:55 : client: [2] closed
Dec 22 17:56 : client: [3] opened from 127.0.0.1:42528
Dec 22 17:56 : client: [3] closed
Dec 22 17:57 : client: [4] opened from 127.0.0.1:42566
Dec 22 17:57 : client: [4] closed
Dec 22 18:03 : avahi: Service 'Music Player' successfully established.
Dec 22 18:03 : client: [0] opened from 127.0.0.1:48446
Dec 22 18:04 : client: [0] closed
Dec 22 18:06 : client: [1] opened from 127.0.0.1:48452
Dec 22 18:07 : client: [1] closed
Dec 22 18:09 : player: played "00 New/Cigarettes After Sex - Affection.mp3"
Dec 22 18:14 : player: played "30 Seconds To Mars/Kings And Queens.mp3"
Dec 22 18:19 : player: played "38 Special/38 Special  - Hold on Loosely.mp3"
Dec 22 18:22 : player: played "ABBA/S.O.S..mp3"
Dec 22 18:24 : client: [2] opened from 127.0.0.1:48764
Dec 22 18:25 : client: [2] closed
Dec 22 18:26 : player: played "ABBA/Dancing Queen.mp3"
Dec 22 18:27 : client: [3] opened from 127.0.0.1:48794
Dec 22 18:28 : client: [3] closed
Dec 22 18:28 : client: [4] opened from 127.0.0.1:48798
Dec 22 18:28 : client: [4] closed
Dec 22 18:28 : client: [5] opened from 127.0.0.1:48802
Dec 22 18:28 : client: [5] closed
Dec 22 18:28 : client: [6] opened from 127.0.0.1:48806
Dec 22 18:29 : client: [7] opened from 127.0.0.1:48810
Dec 22 18:29 : client: [7] closed
Dec 22 18:30 : player: played "Adele/Adele - Rolling In The Deep.mp3"
Dec 22 18:32 : client: [6] closed
Dec 22 18:32 : client: [8] opened from 127.0.0.1:48812
Dec 22 18:32 : client: [8] closed
Dec 22 18:32 : client: [9] opened from 127.0.0.1:48816
Dec 22 18:32 : client: [9] closed
Dec 22 18:34 : client: [10] opened from 127.0.0.1:48826
Dec 22 18:34 : client: [10] closed
Dec 22 18:34 : client: [11] opened from 127.0.0.1:48830
Dec 22 18:34 : client: [11] closed
Dec 22 18:34 : client: [12] opened from 127.0.0.1:48834
Dec 22 18:34 : client: [12] closed
Dec 22 18:34 : client: [13] opened from 127.0.0.1:48838
Dec 22 18:34 : client: [13] closed
Dec 22 18:35 : client: [14] opened from 127.0.0.1:48842
Dec 22 18:35 : client: [14] closed
Dec 22 18:35 : player: played "Adele/Adele - Someone Like You.mp3"
Dec 22 18:35 : client: [15] opened from 127.0.0.1:48846
Dec 22 18:35 : client: [15] closed
Dec 22 18:36 : client: [16] opened from 127.0.0.1:48850
Dec 22 18:36 : client: [16] closed
Dec 22 18:36 : client: [17] opened from 127.0.0.1:48858
Dec 22 18:36 : client: [17] closed
Dec 22 18:36 : client: [18] opened from 127.0.0.1:48862
Dec 22 18:37 : client: [19] opened from 127.0.0.1:48868
Dec 22 18:37 : client: [19] closed
Dec 22 18:37 : client: [20] opened from 127.0.0.1:48870
Dec 22 18:37 : client: [20] closed
Dec 22 18:37 : client: [21] opened from 127.0.0.1:48872
Dec 22 18:37 : client: [21] closed
Dec 22 18:37 : client: [22] opened from 127.0.0.1:48874
Dec 22 18:37 : client: [22] closed
Dec 22 18:37 : client: [23] opened from 127.0.0.1:48876
Dec 22 18:37 : client: [23] closed
Dec 22 18:37 : client: [24] opened from 127.0.0.1:48878
Dec 22 18:37 : client: [24] closed
Dec 22 18:37 : client: [25] opened from 127.0.0.1:48880
Dec 22 18:37 : client: [25] closed
Dec 22 18:37 : client: [26] opened from 127.0.0.1:48882
Dec 22 18:37 : client: [26] closed
Dec 22 18:37 : client: [18] closed
Dec 22 18:37 : client: [27] opened from 127.0.0.1:48886
Dec 22 18:38 : client: [27] closed
Dec 22 18:38 : client: [28] opened from 127.0.0.1:48912
Dec 22 18:38 : client: [28] closed
Dec 22 18:38 : client: [29] opened from 127.0.0.1:48916
Dec 22 18:38 : client: [29] closed
Dec 22 18:38 : ffmpeg/mov,mp4,m4a,3gp,3g2,mj2: stream 0, timescale not set
Dec 22 18:38 : ffmpeg/mjpeg: Changeing bps to 8
Dec 22 18:38 : client: [30] opened from 127.0.0.1:48920
Dec 22 18:39 : client: [30] closed
Dec 22 18:39 : player: played "Ah Ha/Take on Me.mp3"
Dec 22 18:39 : client: [31] opened from 127.0.0.1:48924
Dec 22 18:39 : client: [31] closed
Dec 22 18:39 : client: [32] opened from 127.0.0.1:48928
Dec 22 18:39 : client: [32] closed
Dec 22 18:39 : client: [33] opened from 127.0.0.1:48932
Dec 22 18:42 : client: [34] opened from 127.0.0.1:49106
Dec 22 18:42 : player: played "Aisha Duo/Aisha Duo - Despertar.m4a"
Dec 22 18:43 : client: [35] opened from 127.0.0.1:49110
Dec 22 18:43 : client: [35] closed
Dec 22 18:44 : player: played "http://cbc_r2_vcr.akacast.akamaistream.net/7/773/451661/v1/rc.akacast.akamaistream.net/cbc_r2_vcr"
Dec 22 18:46 : player: played "http://stream.radio.co/s98f81d47e/listen"
Dec 22 18:46 : client: [36] opened from 127.0.0.1:49306
Dec 22 18:46 : client: [36] closed
Dec 22 18:46 : client: [37] opened from 127.0.0.1:49308
Dec 22 18:46 : client: [37] closed
Dec 22 18:46 : client: [38] opened from 127.0.0.1:49310
Dec 22 18:46 : client: [38] closed
Dec 22 18:46 : client: [39] opened from 127.0.0.1:49312
Dec 22 18:46 : client: [39] closed
Dec 22 18:46 : player: played "http://streaming.radionomy.com/DRIVE"
Dec 22 18:47 : client: [34] closed
Dec 22 20:45 : pulse_output: "mpd" [pulse] failed to play: disconnected
Dec 22 20:45 : player: played "http://cbc_r2_vcr.akacast.akamaistream.net/7/773/451661/v1/rc.akacast.akamaistream.net/cbc_r2_vcr"
Dec 22 20:45 : client: [0] opened from 127.0.0.1:51612
Dec 22 20:45 : avahi: Service 'Music Player' successfully established.
